3 221 172 292 
3 179 174 250 
3 65 39 20 
3 34 230 255 
3 168 224 181 
3 216 222 55 
4 41 29 201 175 
3 54 241 67 
3 167 281 51 
3 275 96 98 
3 87 102 66 
3 99 128 289 
3 180 122 242 
3 184 64 265 
3 110 14 112 
3 88 254 152 
3 116 217 182 
3 108 40 205 
3 8 26 252 
3 164 244 266 
3 33 214 16 
3 0 277 238 
3 80 158 12 
4 296 213 139 169 
3 134 86 155 
3 286 3 297 
3 299 236 215 
3 4 204 104 
3 85 28 115 
3 72 239 78 
3 7 268 223 
3 249 185 145 
3 75 282 31 
3 212 202 43 
3 246 295 59 
3 210 209 231 
3 24 146 280 
3 62 258 126 
3 103 157 17 
3 294 121 100 
3 13 27 71 
3 92 111 288 
3 161 117 30 
3 220 195 262 
3 133 191 176 
3 148 82 106 
3 127 109 154 
3 159 243 228 
3 162 68 141 
3 58 11 229 
3 260 298 46 
3 95 271 196 
3 259 50 192 
3 144 147 240 
3 203 253 120 
3 193 197 194 
3 276 170 37 
3 137 163 186 
3 225 89 270 
3 227 61 47 
3 107 90 206 
3 136 207 251 
3 56 23 69 
3 218 177 256 
3 187 269 178 
3 150 73 143 
3 38 6 123 
3 105 140 153 
3 263 93 272 
3 171 76 278 
3 267 235 247 
3 273 190 189 
3 15 114 233 
3 261 42 1 
3 198 81 208 
3 19 287 173 
3 18 237 135 
3 290 22 279 
3 200 118 84 
3 74 160 97 
3 60 48 293 
3 44 101 52 
3 125 283 9 
3 285 70 94 
3 57 25 77 
3 63 83 183 
3 53 248 151 
3 79 45 274 
3 166 124 165 
3 113 138 132 
3 129 291 2 
2 232 35 
3 245 119 257 
3 226 5 149 
2 91 219 
3 156 199 130 
3 21 131 211 
2 32 264 
2 284 142 
3 188 10 49 
