53 6464 6352 2747 1098 3989 1888 9987 8732 2273 136 9048 3114 2461 3739 7029 3102 467 5550 9004 5458 8715 1594 1541 1777 3821 7295 485 8456 1511 1864 7442 8985 9296 479 6518 3084 2156 518 3924 1710 9426 3597 9644 2083 2265 8767 2351 3723 4944 2624 5894 1472 1789 
50 1437 6052 6165 5718 8583 6109 4556 5164 9470 2484 3492 3275 2578 2252 223 3210 1183 3595 5919 2371 7564 6186 844 8978 4360 3732 1105 6990 2605 3720 2749 9693 7993 6876 6866 2150 4976 8362 7857 1549 9978 6102 2504 8616 2022 7035 5768 2490 573 1788 
51 2287 8934 1010 4319 3775 4075 457 23 3866 2285 9925 5383 6768 820 4204 7642 1335 6569 6022 7084 6562 1478 1483 7457 4404 7707 2864 7743 7100 396 2974 4276 761 9401 5789 9957 1446 9931 9780 571 1847 5994 1163 8526 7394 5755 8855 1508 8534 4834 7272 
50 7258 6461 7252 5174 370 1254 7936 2456 3614 9845 7554 7114 8056 2737 177 8228 9690 8282 2768 5440 2323 1048 4253 8403 7727 7244 5522 4558 6508 8220 3150 3182 6595 2214 6805 2545 9215 9069 7328 1133 2555 7755 2088 206 2925 9667 4602 2771 6096 1841 
50 364 7503 7474 7725 8101 5775 582 593 166 1796 9168 3601 8797 9650 2013 7881 3915 6255 3366 646 6530 1052 3882 9108 505 9022 3879 5234 8162 700 9951 2173 8450 7772 3691 9544 8949 3001 3958 4149 1781 8696 7709 9348 2180 7291 2830 7658 7481 1559 
52 410 4926 138 5681 9558 2386 5287 3183 9514 3468 8580 9600 7479 6180 7019 6370 2364 9663 1600 8983 9856 1282 4672 6314 798 5418 4461 7997 5366 7698 4199 3925 9163 7340 6793 1272 4638 8582 6475 638 4166 1118 4872 2653 2804 474 4042 6533 4454 9605 4084 3250 
50 2106 8187 4224 3025 3594 2947 7203 4002 8011 4125 5084 7708 1299 6612 4038 8245 8627 6794 7378 4318 3459 1794 466 7771 3078 8491 4947 8138 4378 5583 7645 3947 4428 2651 8724 9164 8670 6311 9083 9821 2178 175 5302 8731 4567 3830 3375 4188 1625 4828 
51 9092 1368 4979 4506 3203 6916 292 6875 6392 1804 5748 6789 3826 8465 4713 7611 359 3343 9251 5185 1024 895 1923 1451 817 1873 1297 6496 9893 6340 8266 1205 5724 4509 7125 8555 299 1693 2454 4952 1357 9286 2343 5533 3419 6150 1271 3755 712 469 9580 
52 4755 5817 6158 8738 5607 1051 3424 9783 9608 2434 3638 2731 1360 3449 7508 912 7210 5069 3045 4298 491 2779 6648 6298 3387 478 4047 4820 1318 7538 6309 8160 6883 9834 3932 6782 6968 6018 3266 6524 3727 636 9712 6078 3726 768 44 5103 509 7945 9723 4410 
51 113 6401 7305 4240 2492 9682 8256 213 1579 275 711 8661 5983 5513 1638 4937 8617 7163 1435 9239 9545 449 4391 9079 6125 5258 4170 8441 7624 5634 7225 7245 6828 1093 1162 9056 8272 6232 8657 1127 9662 6778 3832 7911 3018 870 8567 782 736 5074 9974 
50 53 5197 851 8597 7552 6380 3850 301 70 9319 4575 7349 4565 1122 1223 4115 885 9996 2923 9550 3944 7307 6036 8658 7897 6585 3138 3446 6065 6429 9292 7883 9318 3840 6807 9374 482 6975 8900 9948 7602 413 2135 6197 4212 9304 7595 6626 5392 8854 
52 9373 2431 2011 310 4928 9675 1426 6865 1565 9412 880 3937 7746 3111 6670 2070 3900 2151 1436 9366 7968 8087 2060 3061 4761 8754 2979 9388 5142 8914 3909 7077 4442 4123 2957 801 9766 6374 3230 2666 6233 1894 5651 4169 5722 4208 7736 9407 1457 5101 5975 6257 
51 1189 9674 2639 7113 8118 3566 3886 8323 4493 6335 983 5026 9873 723 1340 5971 5953 8566 4622 6761 7027 1466 837 8150 8240 9456 4469 4760 3836 3864 5597 8431 5020 1786 4540 8278 749 3335 839 5879 9232 4474 5435 4505 9140 4909 1350 5542 4904 8740 2078 
50 459 4767 2424 6097 7958 6212 8578 1644 8922 8373 1829 6697 4993 6406 9823 900 4374 3126 4488 3271 1988 2685 4705 232 4021 992 2656 906 4758 9150 9930 7182 8163 2409 8520 6666 877 4584 4130 6290 7986 1656 3756 9116 2744 22 6685 2868 385 6502 
50 7383 2860 8825 864 5907 9526 5835 8175 7704 2633 3724 7068 3773 4465 7343 2057 2841 488 915 1375 9746 6818 3251 1479 2885 5133 2310 3956 4588 9161 8894 2164 5758 1257 2722 6091 5420 8692 4504 5294 7661 6822 9914 9559 5085 8844 8821 513 395 564 
52 2166 2742 9064 702 1131 2739 2973 1545 7455 534 897 5650 4711 1654 191 9922 1739 433 6175 4430 8744 9892 8798 89 7449 3997 6880 4971 6181 9555 6905 2801 2147 5921 770 2097 8104 3598 5038 6675 149 1915 3801 5520 6514 1515 7930 9998 5042 7539 7677 7734 
50 2557 5334 5624 2326 5820 5997 9134 2402 426 9288 5787 386 1268 7558 6994 8048 96 4581 5914 8039 5028 6602 7955 4171 4662 8615 3831 5736 7567 150 9589 114 2887 5184 7059 3848 2800 608 2587 2781 7977 7556 420 2036 1689 8191 8251 2680 4515 8196 
49 8374 5088 526 1816 442 8250 5951 6622 1700 7123 2953 6611 5207 4649 5447 6570 7894 7172 6390 6108 7522 8202 9445 2585 4055 578 4307 3477 9577 202 5798 7929 4492 4390 8157 9178 1366 4791 3917 8247 1610 9640 8009 3421 197 5934 7802 7509 1077 
52 2813 3627 6723 9391 721 591 3893 8080 7764 6058 6203 8726 9739 1227 2368 7249 9051 5357 2508 3784 6545 4413 9591 2518 243 156 6454 9068 1395 9167 8005 9474 3556 4172 3548 5762 2324 2533 315 2005 9323 6727 29 4184 9218 3861 881 6721 7118 4793 892 9880 
50 8254 6597 1542 7862 2943 4135 8077 1001 1180 8592 9648 3941 1631 916 2325 9459 1601 8483 5047 8188 4502 9050 9621 4009 640 6499 2886 1573 7740 1193 1028 2400 6678 514 9803 8647 4456 4503 1312 8026 5737 1731 3358 1791 1775 3098 5154 755 5441 6279 
50 706 1832 4732 917 2194 5347 6084 4992 7498 4592 4665 3153 4277 73 4699 1950 4092 6484 4372 1424 6559 4960 7186 130 5517 740 1889 9642 4595 3847 8570 1434 6382 8987 2812 6295 2272 9903 3276 4028 5697 1751 7495 4765 8065 7995 3959 5403 1942 5966 
51 7333 4162 9040 7212 6873 6082 2268 8743 7149 3399 6436 5795 4905 6584 3236 7034 1835 2700 964 4891 3652 2199 9807 5649 3680 8624 8043 4611 8307 3344 6413 3415 5245 8805 2288 9463 5156 1543 7973 9036 8599 3374 1259 3526 9849 1082 3434 1979 4164 1065 208 
50 6644 860 524 5621 3926 451 2082 2501 7389 6810 8066 6308 4026 8493 7309 6162 6482 1673 6376 6323 3898 3032 6239 7144 7673 5694 6742 9257 9629 4242 2260 8861 982 713 5557 5913 6977 6273 4280 9519 623 9002 8097 8686 3240 9745 9106 790 1147 9795 
52 8346 8850 5445 8552 7926 2895 1534 3985 6054 9631 238 5118 0 8089 7054 3277 7105 3176 1516 2493 1137 5288 3394 3561 8288 5089 3019 9154 5506 7775 1486 6652 7135 7935 336 1348 7927 6598 1407 8752 2024 4701 244 1593 4785 1467 5007 5443 8794 9392 196 4133 
50 9835 4752 79 8500 9518 6455 1869 3600 7016 1083 2683 6679 17 9908 3978 2797 2375 8121 7751 2283 3804 4860 423 2836 1081 5840 6901 9734 6260 1041 5219 8564 8093 7770 804 4666 550 2606 3683 5463 4680 7998 2937 3249 268 8532 8413 2982 7392 1592 
54 3289 6167 741 3706 3824 9679 1038 2006 5114 4326 6639 6984 3359 1903 3258 8072 9749 2964 6434 9979 6354 3152 7331 6303 11 4235 9805 7319 3888 9654 8993 2716 3156 6112 9919 1721 3416 5574 5076 1033 7989 4585 5947 4664 4778 6154 6740 9937 4873 7671 8598 9586 7086 6928 
50 427 9300 6221 5367 8177 6677 7346 2648 6690 4466 9061 4996 9949 8144 1393 3248 1811 2577 747 5591 3480 2262 1047 334 1398 1591 4358 8903 2294 9897 6656 8717 2505 2642 3363 7551 7593 677 3641 4412 443 2460 2732 5616 8200 3080 5570 8977 9047 2396 
51 847 4851 4151 67 6896 6263 1190 1192 3357 3253 7747 43 4278 3216 2125 866 3467 7437 6953 4070 6066 8788 3388 8334 686 6554 5693 5785 1823 5371 9888 270 2611 5855 6294 2512 8742 1170 8810 957 1006 6319 6245 6662 9439 463 8259 9165 952 6938 4098 
50 5685 4837 1954 7840 6040 2869 7169 6114 8218 7164 4989 2893 7879 1533 7409 4651 6736 1231 311 8866 2919 7280 2681 2133 2554 9452 4448 9245 1078 6845 9424 3942 6269 3789 6763 8463 495 899 5654 1575 1298 8378 2007 1552 1225 7850 8685 7129 1715 9618 
51 1968 8084 8059 4673 5935 6791 317 539 7899 2193 3012 3442 6196 581 4457 7953 5325 7072 5536 9124 6755 6583 1506 931 4916 5244 2661 6683 3823 5940 9283 350 6674 831 8000 7902 4716 7132 9465 5822 360 2817 358 1208 5674 4003 9844 3317 3913 9907 5426 
51 1662 4051 5759 4067 1128 4299 3497 5813 3968 3712 6466 3081 7785 7954 2423 4402 8588 4683 5391 6654 8100 7529 2426 7891 9093 2307 1887 8425 6951 6111 682 2018 6798 7263 2101 3220 6404 4077 9850 8132 1759 6313 7831 2198 6874 9420 8621 6011 12 2212 6318 
54 4192 1582 3139 4850 3782 339 6000 2154 7453 2790 7056 3058 5777 5365 456 6350 6681 3642 9772 6558 886 278 6046 6713 979 6760 8265 4116 8898 9848 2773 4983 5210 454 9133 328 5475 3640 1485 8168 7365 8198 8496 1489 6806 8994 181 7375 3023 9024 8058 7730 7691 8863 
53 8347 3573 967 8226 8007 6909 3355 1347 7329 1963 3634 4795 2388 5213 716 3128 1059 6409 9724 1171 7768 511 4105 7090 9898 5620 7396 7440 3487 7835 5886 2911 9711 9661 1224 4799 3004 2205 6668 6955 4719 1650 4291 8291 5192 4141 1886 6219 4403 9125 5976 8497 9961 
54 3141 5945 9295 6195 5135 1696 631 4087 940 5344 4027 5477 4063 2472 6927 5793 5883 503 9450 1072 2658 9070 9598 4843 7562 2236 8958 5201 1009 3323 1266 4882 2509 2664 3967 9117 8384 4990 4782 3441 3046 4399 8984 1668 3721 6266 5626 3347 6563 1427 779 9434 86 1828 
55 6515 1279 3021 2008 2081 8641 3054 7544 264 4389 348 6164 8511 4865 5087 6424 3812 4301 3992 7044 1810 2417 2395 5466 5336 737 1708 2416 6682 7371 47 3671 5772 2499 5198 570 5899 722 9593 132 5250 4724 4452 856 8184 1026 9285 77 3875 4652 361 7921 3172 2448 5849 
51 9967 2051 6817 1248 6720 5809 8408 2689 1148 2111 1240 109 5944 1455 4476 6914 1444 7467 8488 3896 1944 2715 2867 696 8273 9014 3356 7633 8293 9249 2706 4747 6438 635 4312 4626 5803 3051 2695 4144 6320 673 7832 669 1296 6837 6014 6159 2785 3522 1410 
50 6110 8146 4381 9448 2538 4920 4529 4831 9622 644 9205 2225 6641 3754 6816 1776 5622 3776 7066 8326 6009 5527 7994 6790 764 701 1482 9983 7900 5534 1916 5045 7776 8579 8645 160 6408 3862 8037 8075 8728 4160 890 4842 9166 6064 1414 1750 6471 2432 
50 9681 1967 102 1532 5091 7395 975 4118 8870 1490 774 7012 3709 4998 6301 6947 2833 3053 6051 3364 8375 7176 2278 121 4175 2411 5036 9502 4980 9170 2114 878 4655 1129 1958 8466 7087 6126 4818 6133 7695 4770 5382 9206 9946 5353 4704 5400 710 1188 
54 1765 4194 2037 7963 4667 4106 9960 4227 3851 3590 90 1392 2076 8319 6450 8083 254 2793 3647 5942 9686 9460 9936 5009 7748 7264 808 4424 2704 2280 5898 8137 537 190 5653 2527 6326 2462 8911 5920 4900 6491 8786 6106 7116 2338 626 4880 5065 9691 960 8276 8169 7265 
50 227 8174 4821 9809 2195 3599 182 5957 8148 320 5575 2196 9006 6952 8107 7816 8330 7830 4152 8681 9212 6544 3475 6500 1115 7804 2717 6701 5741 8286 5173 5402 2361 6449 6889 2788 4955 6328 3884 4709 8253 8540 921 2891 3834 2848 152 558 9964 1315 
51 969 6327 7892 559 9943 8937 4376 5386 1076 2171 3714 9494 2854 5633 5186 2690 6289 572 3235 374 4244 9486 7666 2099 6473 2382 9175 2408 3311 7847 5224 4167 5073 1695 6899 4195 5246 6852 8996 4964 9896 1319 898 6856 3622 4919 8918 4254 1716 5251 2909 
52 7097 6717 7461 2916 5490 5602 1191 1123 5538 6035 4168 9227 6847 8888 4935 4855 3869 7917 3469 7937 7919 8905 6566 9933 887 6550 7827 3379 7148 1685 6535 2309 9338 8716 9918 2348 8237 2000 8421 7940 9709 6405 9466 1090 3488 5927 6357 9253 816 9384 3130 7456 
53 2727 8505 8180 9697 8404 7626 7694 2165 4570 5438 27 1448 2759 1969 7425 7443 4379 3218 3353 2427 7014 1729 1460 2116 8923 7158 30 2227 1233 5887 2179 2204 6813 221 7863 6824 1797 1741 3087 663 4946 3213 9744 5916 5153 2900 6088 260 279 8926 2478 8928 8211 
52 6961 2970 9649 3655 390 4597 7893 958 634 3086 7588 3550 4568 1578 1918 3048 4129 4616 5729 2625 2269 2621 642 7184 2091 9786 3460 694 2507 7560 7256 2607 2267 8355 5240 4845 4580 9764 7447 5564 6247 5330 7851 7297 6726 7223 1728 4228 9638 5368 8790 8880 
51 4543 7938 630 6270 709 434 7238 3195 3300 1311 6426 903 3501 9316 1620 3428 765 8078 6188 5656 2412 7120 781 732 7360 3463 5398 5119 3657 3918 7966 7204 2130 5479 3611 2430 8989 8155 595 3031 9027 3686 6157 179 1198 7726 7363 5954 5354 4657 9349 
49 1464 7947 9386 6649 3378 2580 1783 2297 3876 6228 5329 95 678 9 5335 2186 4712 3099 7180 6659 3164 3511 7620 4062 4069 4959 2443 9714 6814 422 5284 1447 4554 7974 5711 5978 9115 6123 4908 3518 9938 2708 5746 4202 9819 6653 9250 5236 8423 
50 8233 5930 9214 5939 3881 3643 4619 7283 6986 9003 3560 3986 7279 9001 1943 5678 7157 8573 2556 1113 8079 3162 5949 8244 7418 9615 9543 1752 2757 4022 4088 8812 5476 1197 7685 7140 8489 4396 4517 1207 8830 9788 2219 7460 909 861 5847 533 6452 4426 
50 2014 1381 5399 1399 6797 9606 8675 4093 5972 5157 610 7732 3794 3806 9195 8023 7717 1005 6647 4744 3377 5014 3063 6225 6119 8412 5303 2696 180 1172 5346 5034 3217 1986 3307 681 8439 1290 2175 4866 7784 368 8915 7126 6573 2844 204 978 8817 1354 
49 8943 171 7342 2766 1151 7710 3905 6462 1589 6931 2296 148 9099 2404 4745 5193 2564 4262 7356 1359 9840 8120 9741 8269 8800 9808 1583 7532 1263 6513 5064 4180 775 2292 6453 7507 766 5145 1905 8317 2302 9120 6897 346 3523 2795 9707 134 657 
54 819 5093 6747 5189 970 9396 307 8990 3606 4273 6163 2719 32 5378 1269 9029 214 4286 3677 9381 69 7431 4733 8274 671 8651 3630 3500 6113 1688 4514 936 9410 5187 8336 9128 1042 4201 7855 4001 7200 1285 4887 8935 3965 6468 1153 6596 1567 4957 2517 7972 3452 5150 
52 9179 5512 3897 8814 6870 6711 9267 6893 7873 1834 105 2987 5326 6099 1369 8193 4972 4422 4604 5850 9094 8546 8954 2095 9404 4939 9139 2185 8153 5987 9042 2066 1853 8230 5474 5412 9524 7961 6234 2372 5256 9369 371 4830 8438 3819 2594 4629 1255 668 9876 4688 
52 5001 1762 3592 9065 8366 9855 8986 7679 87 2340 2645 2349 913 1877 5452 9266 9262 7351 963 3129 54 4564 8548 974 7991 7959 8363 7047 8602 9542 4969 8856 6307 672 5092 8691 1125 7574 9219 319 3 9727 5923 7674 8342 4289 1338 5122 5263 7779 3135 7427 
54 7686 5961 8041 6582 1499 1504 5413 3461 9297 3684 1604 5200 380 1164 9145 3910 5428 6719 4283 447 7156 1840 5057 590 6067 4759 212 9334 199 4036 5731 4056 5721 4472 5888 8857 1073 5206 5049 2675 1230 4546 131 7969 2477 7988 8310 7451 6703 4644 7627 7237 5308 2126 
52 7278 4237 7338 5806 7458 4076 9497 3687 5757 6640 1385 9703 7603 98 4738 6095 1411 6587 8261 5834 2858 4877 7825 8959 2344 1701 2861 9676 757 5658 1584 293 6012 3154 6855 7154 2215 3807 3919 8057 1474 7119 5129 7096 6731 786 3547 4353 6799 5295 7886 1562 
51 194 4975 5698 3454 7081 9796 8622 8029 145 4350 5012 4593 5053 4951 3159 1106 4653 2444 7110 6804 1691 1555 605 8919 4433 6293 3788 2949 122 7598 1091 4656 7844 3177 2769 9557 8965 7286 7355 9864 8559 7040 7728 6698 5077 6349 6421 502 2977 5021 4596 
50 6531 8727 7434 9537 3796 8976 2048 5280 8713 5941 7916 7542 5740 3396 2405 3190 3858 3908 3619 4774 3341 6191 6402 2714 2777 8252 1002 5265 3736 1851 5324 3314 5875 3820 5963 8435 8214 2064 8544 3613 1982 771 4929 8031 9969 910 2799 9078 4645 9464 
51 8521 7175 517 9223 1249 5071 3964 2743 2362 1336 8503 3131 3361 6655 6325 2247 6280 3296 9155 8909 4320 6749 5986 3982 3529 1581 2213 6520 6910 8973 5956 691 2584 1114 8316 5030 5909 4271 3127 3766 3589 7173 3753 7393 3674 2232 7731 7403 9149 9121 2138 
54 460 2176 2707 1780 2250 6997 4647 91 357 4999 8982 9523 9614 7171 3763 7864 2498 9854 4085 8459 810 287 3435 5483 670 5842 2429 7099 3263 536 8842 261 9658 2032 9968 7300 9013 7617 2852 312 8223 9478 8401 228 9347 218 2929 8359 8869 2235 2437 4985 4819 7592 
50 2421 9066 4229 6594 7543 8304 4783 3842 5299 2856 5628 4288 587 1522 5613 5492 6974 9375 6254 8283 9243 3833 7550 6435 1528 6068 9562 9607 5429 8189 4066 400 9440 8255 4365 1417 9059 1088 5460 7127 3502 6492 2077 7137 5543 5606 5494 6047 868 4578 
51 4798 6074 2764 8746 5808 7052 7254 2155 1085 3972 3101 9246 8638 3743 2257 584 8671 5148 7778 8042 9792 5000 340 416 3797 4735 575 9924 1978 369 4498 7941 891 9123 705 7653 8312 7347 4004 9765 7600 3564 1165 2139 9539 8186 4200 8501 3545 7896 3974 
55 5218 3729 5584 4786 7411 7609 4717 7826 7856 4321 7932 3860 1084 9637 9817 3728 5041 4482 1421 1094 3610 3115 659 4179 155 2750 4439 2632 597 9963 2592 6900 3028 5274 9231 5417 1468 6118 8024 9130 3256 4579 8490 6833 405 2090 3813 1896 726 490 7487 4772 9114 7470 2847 
53 3160 7051 9095 5690 8194 8234 7224 281 9477 7619 5003 4560 4526 450 5549 7970 6385 7048 8380 5409 9337 2033 9509 7133 5635 9484 4207 3482 8205 1738 8669 4287 2346 4445 6427 6383 2539 4606 1906 6795 7976 8809 1007 9305 2931 4817 2784 7668 1463 5126 3326 9008 4261 
52 3273 7634 1669 4035 3703 3106 2593 220 990 1423 3771 4986 8609 8452 1394 7246 4594 2978 946 1809 852 1379 8618 3899 3894 6630 428 8893 2926 4089 7923 1839 1425 4754 4356 120 2148 4082 4071 4764 6003 5015 5425 6377 2535 8967 1496 1356 4624 1384 425 8046 
51 271 1219 7262 189 1996 8073 7306 3196 1866 4311 2229 3147 4146 8981 9768 4766 5745 6048 5311 7813 4145 1586 5819 987 9370 7234 3835 6998 4608 4931 3970 2102 6143 4440 9385 9084 2046 8611 7838 3110 3340 8061 5786 624 9072 8803 5155 3980 9019 6536 1376 
50 8901 421 7656 7759 5468 4216 257 7277 6688 8119 4757 5296 3264 2672 7841 7177 5499 8672 4464 9102 2541 6821 3685 8324 9208 9716 2403 3060 8753 1096 1619 3695 3827 2741 7909 9308 116 9517 6831 4131 1362 7999 6013 1956 788 2358 7033 1049 1539 4942 
49 1087 2526 8494 6440 6316 637 1672 9322 5416 2582 9976 905 4889 4122 9185 853 3838 7828 437 9886 8762 6673 6194 203 8133 1031 6071 294 1546 1309 1681 4031 9354 8391 4126 2295 7428 1687 3962 926 3953 9339 1898 6599 5379 7151 4530 7304 2726 
51 1501 5502 9199 2650 9520 9289 9689 4065 7516 9787 5472 9616 5605 5826 4906 1660 1661 9187 6470 4205 9197 908 4017 4196 583 5783 1497 950 4539 7565 7928 8416 8248 8787 8105 3474 7783 6243 2390 9021 4542 4386 8653 4563 50 7878 7675 977 8106 4553 7323 
50 3146 824 9759 4639 4994 934 3034 4256 3583 1067 8988 2 6398 7354 6827 933 5715 6371 5598 4011 4797 4419 4211 399 1377 7715 4531 1520 8287 3540 6384 2992 679 9141 6418 7221 8267 3742 1342 4109 9495 6820 7199 3292 8766 742 3013 2474 6540 3120 
51 8212 424 5029 4393 5410 8916 3398 3780 2670 2711 2188 2588 5897 5996 2366 7713 7983 9588 5013 1495 6365 8777 5851 251 1461 5393 9890 7978 1709 683 5307 3437 2089 6498 1936 3532 2890 5248 2414 5370 8533 9005 5523 2374 2676 8955 1430 4708 8508 8802 6529 
51 6072 4930 546 4351 3890 3339 1484 6463 1629 2811 2336 3385 997 1353 9071 9481 9353 438 7145 9277 7055 2121 4800 3778 5655 6315 8950 5037 2045 9871 5397 8887 289 2122 7676 5010 4096 82 5361 838 2823 1095 9390 4864 9098 7486 8178 9258 8478 8453 3912 
51 8145 3417 9935 5017 7181 5735 5880 2935 883 6208 5208 9532 7689 2752 2315 2465 9044 4495 8741 8626 7887 6284 5981 8590 3006 1173 376 9995 6300 1032 8158 3538 7368 7622 6373 8757 7314 9894 1934 2673 9527 9471 128 2127 1998 8014 8791 57 7884 2210 8429 
52 4660 6887 6811 9698 9169 1291 2792 8209 6124 3450 4763 7756 9613 6902 60 6187 2308 5455 3536 4392 4496 9829 4479 2275 5470 2470 3083 1808 304 8170 5567 7724 1388 68 252 6378 8904 3094 2162 7822 3628 5960 3109 9632 5631 4544 9438 8816 1445 5540 8013 100 
51 4720 1413 5708 1228 343 2643 4721 6781 2341 5467 6217 8139 1856 6672 993 4362 4007 6945 9269 6898 9800 988 1920 1397 1564 2825 3491 473 5196 6862 2003 4138 614 8537 9000 5811 6394 3664 9869 4248 5824 5442 6329 585 2834 6459 3304 6481 7250 981 3772 
52 9076 6457 5380 945 6633 2453 1585 4220 9563 215 3035 1521 3558 493 5884 1117 888 8281 9997 7404 5485 2086 3226 8581 5132 9989 5116 222 7352 8340 7814 7780 4455 3818 6090 9380 3880 7933 4862 4053 9307 8117 6375 2862 2491 6417 8764 3955 2093 1987 4637 1568 
52 85 3064 6282 2258 1612 2762 500 4124 6957 476 846 8035 5332 8185 6800 8231 9887 3050 6379 5199 9196 300 9063 147 3027 9270 9479 9630 8562 1452 3758 9556 3572 7124 7605 5005 3717 3793 5043 7762 9342 8783 9929 3105 5061 4963 1945 7918 9822 2952 8678 3737 
51 9965 6624 863 6098 4943 7053 9695 5812 3402 2563 3922 5810 1635 6264 7939 9220 2333 1895 6021 472 1256 9435 165 6305 1844 297 7580 3751 2042 418 5756 8016 5799 8415 540 1355 5893 9994 4729 4536 7197 367 2634 6306 9261 7010 8835 9666 3923 7007 4078 
52 7546 4370 7312 9186 2104 8676 4698 5070 2710 1694 7925 7468 2655 6355 3464 42 325 2480 5692 8801 756 9900 5617 4981 9635 8840 1215 1416 2277 6241 7684 6261 3029 303 1422 2787 5990 5827 5290 6025 8235 8017 6616 4477 5247 5728 5754 544 2389 5375 5100 1926 
54 3995 7738 2012 7533 6422 4635 9012 4825 4016 1646 9705 2052 7924 5632 874 8095 4848 3330 5846 7214 4293 9636 7652 535 2034 1684 4714 2245 6399 3930 7547 6972 9669 9473 5933 1951 7350 8473 321 802 246 6081 8687 3688 4762 5480 5641 6838 4197 6819 404 6268 5167 2814 
51 2516 4499 4421 3533 9174 2958 1247 9670 8402 2241 5305 3309 2282 6667 3163 3787 8719 5670 3211 651 6964 565 2546 5225 1140 2756 3990 59 3320 9090 5436 2543 6751 2851 7220 5562 9718 2129 777 9761 854 2248 7663 2859 7706 8102 5703 1525 6223 1141 5202 
50 3315 1817 3008 9074 8792 813 6777 714 5566 3565 9717 1795 5867 8385 7387 345 9954 9493 6608 2369 9511 6411 2835 8460 6829 3607 4057 1561 4226 9421 3215 3757 3386 1337 4599 7208 9011 6809 40 4486 2565 2152 8305 7628 2290 1288 8387 3578 6686 2622 
52 4577 2601 2170 6541 3224 6571 1707 7903 1220 4258 470 7166 2020 5713 5257 7161 1513 4566 9189 8052 1138 9350 8335 5175 2760 5581 2530 7202 5903 7093 440 9015 5333 1089 3653 1160 2604 1929 3192 2954 6680 1169 3681 5689 789 6242 3403 7165 1012 7482 5865 4519 
