7 9913 8086 2480 7808 1778 9826 4241 
13 5137 156 5757 893 2382 6213 2653 6802 2800 8140 1957 613 160 
8 8890 6940 8220 2146 7443 2186 5462 8218 
11 837 489 3068 5234 3735 8739 6799 3765 425 883 3086 
5 3654 6873 4369 4529 8415 
11 303 4502 7704 873 4835 4710 2859 5725 3759 6496 6881 
8 48 6024 342 6201 4782 2383 122 9824 
4 3156 6879 7631 4736 
10 4839 519 3647 8583 8725 9904 6790 9807 2035 4212 
15 7270 2275 2233 193 6961 2164 9175 2988 3127 8531 1075 179 3864 5470 5720 
15 2009 8586 3435 348 8434 2320 7490 433 4880 3432 7199 4519 5938 8281 4162 
7 4094 7499 6338 1784 8379 9151 2053 
10 445 568 9042 6012 8956 6909 8595 8009 6583 8331 
7 5497 7319 6132 6967 5466 4170 9377 
13 1138 3051 9286 2082 9897 2244 6882 6089 2092 2391 5096 8082 8891 
18 1335 6361 3188 1227 4585 4088 4282 5405 9881 8334 2362 9236 1039 6826 17 324 7184 1202 
15 9256 6023 9156 741 7873 3377 1281 512 3828 7047 4974 4754 5789 7332 4451 
13 8578 6652 9463 5756 6122 6567 1531 2744 2789 404 6421 9 6460 
6 1178 9282 5902 660 8192 3113 
14 2949 9078 6101 523 3663 9620 1453 473 1316 5396 308 5580 2879 8185 
5 4829 5695 4866 1844 3126 
17 8703 2357 6381 2973 7864 4969 9613 8768 2791 9405 74 2407 8549 5164 5546 3720 4333 
15 1992 6293 8698 711 8485 9283 9779 8545 1921 8003 4398 5966 1321 5581 9308 
17 4059 6424 9549 6237 8783 4331 2652 8953 4489 6738 827 154 2984 1943 2707 2433 2030 
8 2384 5187 223 1175 8776 4487 4380 594 
14 4377 32 3990 9526 3904 4636 1466 8419 4470 4086 8741 5677 525 955 
8 3444 9349 4029 8348 1571 6791 736 2308 
8 9121 279 904 6174 5594 1792 6052 4216 
9 8630 8158 4017 665 1930 5885 8993 6756 6238 
15 3580 6849 7092 7364 141 671 5994 5698 2247 9682 6679 9772 5319 4676 8888 
19 4435 9411 2828 1794 6399 2982 2234 3851 9054 7762 5565 521 586 6235 1807 7439 8341 2372 3804 
17 606 6735 4090 8694 691 6670 9433 8368 8150 9101 8127 7935 9686 9094 7660 3318 7089 
6 2418 6142 7838 6443 9653 8714 
14 7318 417 8686 2910 4583 9823 6165 867 5103 848 9727 3906 1481 936 
10 8292 7685 4788 7687 463 3606 9139 8591 7707 5968 
12 6807 1267 9820 7207 4404 3839 3534 5701 8034 6511 8457 4998 
15 7429 7677 830 2904 6340 4966 1251 4532 5838 3992 7072 7248 6516 1021 5664 
15 7913 6202 661 7558 7065 9288 9928 2854 3085 5228 1666 6979 4785 8090 5395 
15 5018 4693 3958 493 1102 15 8534 9150 2924 8439 5372 4569 3554 4946 6627 
11 8518 1674 4958 9109 6825 6263 3565 1628 3818 2932 8474 
14 1209 8784 1257 6491 8831 1252 8339 4565 9491 4618 4814 5469 7818 2144 
11 8773 6013 8020 9224 3261 2311 7420 9342 5223 8567 9756 
11 1815 2559 2941 3605 4139 5012 5888 1143 6109 9624 3162 
7 268 6076 3669 4353 4119 4776 8599 
20 1993 9707 1170 9325 2536 1079 3325 4285 8984 8261 8693 1647 6996 4932 6056 3744 2262 6990 1514 770 
13 9888 1240 8040 5465 9238 6865 4990 1502 6452 9310 6184 1895 3198 
6 4679 7884 9645 9180 4006 4160 
10 9084 8085 3418 2327 8207 3169 728 4686 7167 4588 
12 5299 5716 5089 6942 1511 4347 6247 8715 7636 8610 7587 3827 
16 7952 2316 3112 5853 560 168 1013 9421 7912 8099 3164 8746 4576 6224 323 3305 
11 6135 5955 4544 6473 8376 8774 3119 6708 2031 5619 1998 
7 6115 6607 7692 364 555 5834 4911 
3 190 3632 5441 
7 3457 8458 3729 8494 1417 9519 2113 
5 7468 4168 8810 5109 5942 
3 2296 2751 219 
9 8271 892 1565 3291 6646 3996 9197 6065 2441 
16 1664 6922 5602 2577 4677 5160 2972 6029 1245 7407 3645 5882 337 2826 8356 2269 
12 9675 6804 3655 1883 4673 7156 1580 5356 935 7009 2837 8241 
12 5113 3513 2240 7226 2900 2799 4035 4121 5804 6431 4548 5148 
14 6783 5948 1349 713 8042 1433 1692 1297 267 490 5330 8867 139 6079 
5 8227 6506 1440 9597 9389 
13 2576 9137 6485 4826 1010 6739 9830 8187 1250 9186 3419 36 4813 
15 9020 7190 6689 4709 6587 7701 1415 9570 9458 9835 2796 8014 4692 9604 6509 
16 84 1097 8588 7877 1160 8225 8667 683 4423 4871 676 1388 3142 5550 2182 9749 
21 2920 4948 4194 2313 95 8309 248 5996 5426 3584 833 9789 209 3673 6337 1856 4915 7658 3977 4288 6479 
14 2106 1627 7445 3050 843 9778 2525 3751 695 7945 4780 6617 9953 5162 
10 5192 3129 1346 4781 1568 7843 4667 4291 5167 7552 
18 1305 4794 2293 7477 1589 2235 9631 5009 8510 4007 130 1505 4708 3597 6796 9493 6464 3026 
15 7070 1465 7398 3334 8901 7525 8814 2039 9225 1325 4415 6231 681 9154 4606 
10 5445 3245 896 4327 6562 5699 6888 7197 4942 7990 
11 9698 5601 8801 5557 720 1436 698 7411 7396 8702 1487 
14 7293 6718 9255 3384 5861 6493 3826 3974 1949 3470 6608 5260 5945 331 
12 8711 5069 4937 6000 399 1493 3339 8514 123 3660 1665 8165 
13 1528 1512 7554 3066 7379 918 5626 515 6886 9905 2458 534 983 
6 920 7464 3912 1714 8496 1631 
14 3607 3544 9429 2673 9273 6596 9382 2314 7610 634 6508 145 5326 451 
16 7399 7186 187 4536 7040 4724 7309 9912 5040 7440 6102 1034 2095 1617 974 6035 
15 3527 856 9952 4602 8447 5709 1030 6164 152 7923 9919 3460 2624 2131 3010 
5 7320 7428 419 4836 476 
4 6654 4048 1353 3696 
13 6252 6742 1256 6248 1980 5250 740 4036 3187 8479 317 9674 304 
13 7640 8489 6222 2928 8401 7666 6601 8650 1947 614 5075 9541 9432 
6 677 3739 4011 2612 6481 391 
16 4379 5751 4643 5799 6356 4986 3267 3802 6008 3332 996 7902 2792 3683 4412 4023 
14 769 211 1220 5816 7984 3199 3181 214 531 1885 8068 1836 6432 5773 
11 8329 5598 7355 2272 5941 4655 9285 63 2726 3563 3387 
12 3253 4346 3426 6965 3477 2105 607 8854 8620 9039 1260 5886 
12 563 6026 5998 2748 6480 4584 8049 1556 9040 787 3520 5002 
8 1438 6430 5711 7574 98 9019 3355 4052 
6 666 8747 4293 4150 2021 2346 
14 6456 1869 6216 3311 2261 2315 9321 786 4439 2340 6352 9551 5204 1953 
14 1492 8102 9450 2675 6966 5433 8827 7663 808 4244 4073 3234 7484 7974 
16 6901 4507 9819 5636 1480 1232 2220 3952 7802 5083 1770 569 3486 3106 1748 1341 
12 2432 672 7088 7442 7693 4869 876 5351 9785 1042 8465 1018 
11 311 4713 9226 1364 315 4274 4805 5827 116 1606 5276 
11 9393 3708 5208 1424 732 97 9678 9908 8095 3892 2227 
10 3743 3398 2464 1407 2061 2118 3251 1031 2231 1159 
14 3471 3442 3170 7129 7994 9127 2717 4591 6389 5155 6106 4534 103 5930 
15 3988 1530 1557 6305 9182 1799 9487 2885 601 1879 9366 4262 735 1 7597 
12 9550 166 7048 8973 5472 2153 52 7790 7942 4182 538 5876 
17 9544 5295 583 7891 6519 1324 1534 9000 2330 7222 7890 6554 5104 8829 3658 7087 7100 
6 7325 6240 4791 8153 8168 1380 
19 4309 9347 7253 1833 1723 1774 6159 751 9640 9457 6336 8504 2562 5217 3074 4896 5455 5814 8217 
4 1192 725 7963 2448 
7 8670 6387 1243 2896 2161 2192 7670 
8 7013 7724 7793 6312 8692 1171 5805 6499 
15 700 9869 629 5369 9729 1634 2802 8502 8798 8493 4773 7423 5787 5806 13 
6 1543 1206 8719 9414 4763 51 
4 4885 502 4034 4027 
5 1978 6851 8681 1376 3787 
14 6694 3208 1845 5712 2402 4825 5393 6970 5582 4123 3982 6092 3452 5918 
15 2356 8792 4704 1491 4807 6198 5400 4496 6558 6859 1917 6325 2672 3742 1483 
15 945 1111 633 55 4245 9015 5569 812 5391 771 6906 4562 810 1703 430 
8 6321 1629 3756 1988 5590 6343 1811 9076 
12 2917 277 7134 4772 482 6331 1508 9125 4368 450 609 9217 
11 6780 9626 1773 3697 92 9497 4481 4070 2877 5560 7744 
10 8965 1470 8214 442 1342 4574 3882 3240 7604 5024 
9 9852 4494 7118 6634 1489 6850 6413 1469 2528 
13 3572 753 1994 2551 3885 9684 1685 2710 3973 1016 2734 4504 1813 
15 8149 3541 554 5218 3732 9992 5933 355 1264 249 8922 2918 1096 436 2728 
12 7229 6502 3578 477 2760 6712 3639 9016 4627 8495 6055 21 
13 1315 8219 617 832 2171 6939 6161 6862 4336 1985 2472 5000 5637 
16 7475 9670 378 6649 7595 2952 6125 7799 6268 8938 3116 1241 8771 7412 7697 4252 
6 9851 1908 5480 4897 4993 9552 
7 9523 1803 7211 5769 6529 2913 1061 
15 9216 7116 1613 8520 3314 7004 8951 5792 5708 6277 1519 9324 977 9323 4726 
9 1066 768 376 9133 7628 7602 708 8968 1851 
14 8509 6536 462 8644 2078 2600 9263 5704 5479 227 1954 1291 5897 9616 
8 1874 6893 2954 5567 826 6375 2558 7581 
9 6952 4411 6083 1373 5229 8756 3093 5774 58 
17 3869 1090 1386 8323 9394 9002 9481 7823 3925 498 6415 1603 5639 7774 6140 75 7410 
10 3236 8190 374 354 1104 9681 9194 7418 659 6591 
4 5424 3358 1695 3356 
13 3951 6244 6752 8864 9158 9810 2495 1032 9730 2201 5475 3248 6748 
10 6794 8184 1330 2714 4608 8027 2478 4468 4945 8966 
10 4214 3362 4605 7770 9469 5116 5694 6660 99 5871 
4 8967 1582 7269 1736 
5 7227 5428 6034 9697 1129 
15 8175 8370 4882 2605 2639 1725 6582 9710 2000 5382 9975 2619 8286 2747 1624 
14 157 6307 8118 6630 3740 5603 6020 877 7856 5556 727 4674 9622 592 
7 3329 9291 210 5808 9817 7245 9954 
16 222 3616 6698 5782 6864 3862 7077 886 8542 6376 2700 2168 8709 9318 9646 9049 
10 4833 8566 7555 2967 5201 5380 5913 2741 5482 8436 
12 9976 7465 7889 2992 761 4352 2916 4335 5793 7765 8999 4079 
19 4687 2651 9546 9265 5263 8915 8073 8324 2835 7169 7564 4816 814 72 4722 2833 6779 5609 1347 
14 88 8758 2963 4078 6484 4104 7614 8426 5317 7651 1819 2379 5490 5900 
13 1635 7451 3176 5287 6818 7401 4594 7922 232 8550 2640 4890 6531 
17 6110 7438 147 4664 9171 2482 663 4566 9874 7927 9208 9085 7063 9911 45 2347 2845 
13 5510 5766 8782 7209 3991 4832 2589 1182 4824 1673 7378 9717 411 
14 9581 5615 1363 3629 6677 5818 7301 6128 7503 1368 1239 30 7706 4448 
14 7657 2838 1863 245 2543 1838 1037 4449 46 7262 6998 9746 6014 7044 
4 2176 7848 2343 6217 
14 4184 3557 1101 6173 1348 7266 4821 2498 9441 3361 1167 5321 9066 5533 
11 6039 6538 5875 2468 694 4371 2757 8117 6204 8385 705 
16 6656 4973 6537 5237 5847 6625 580 5962 357 3788 6429 2435 3567 9936 4188 6889 
14 5744 3047 3596 4653 6333 5143 1402 6420 3532 3137 6274 8005 581 7831 
3 9401 7171 1399 
15 4437 3795 1620 7366 1276 2270 7791 821 5094 9344 7715 9356 8270 540 6725 
7 1447 2512 8856 6098 3393 3149 1563 
14 9627 9140 3414 9037 6663 7535 8505 3065 6751 6425 1532 8688 1233 4868 
11 4894 854 5809 5662 3601 9658 6800 7914 4597 4306 9028 
17 273 5235 4233 9619 7263 3790 3566 8988 104 3701 8254 3953 7447 1600 3854 1287 6335 
13 9935 208 6476 6902 3901 475 8546 1924 5191 3300 4633 2354 1205 
16 2135 3758 4021 4260 7457 9576 8079 1963 9939 7616 1657 7354 9218 8015 1312 4320 
2 5890 5091 
16 530 7114 3167 9505 7422 2556 2077 8547 6085 5864 3668 9900 2087 1187 8626 4925 
13 8024 2999 8198 7255 1676 1693 1861 6272 3045 1069 8732 6594 2289 
9 2147 4959 5628 2641 507 2867 4003 636 4329 
9 6296 726 3036 3531 1369 6426 2439 3961 2541 
12 6765 1475 5425 1873 5995 2959 7086 7062 6590 6287 2855 3505 
10 7957 6831 6327 1406 3122 1381 53 2871 2545 5630 
5 5991 1850 2063 9221 6769 
14 3549 2436 4855 4815 3622 4981 7691 1387 428 83 6793 8344 6209 5949 
12 9305 9274 1441 5241 2809 9586 6896 1186 1421 8706 2966 5203 
11 5517 9466 7117 799 4939 6741 8796 3163 1765 5732 1849 
6 7804 4775 7153 8986 6789 6453 
15 6269 5719 4208 8892 9030 47 1345 9496 6602 105 4436 7607 3268 5936 6917 
9 6044 823 3833 2141 7383 5080 3241 6852 264 
7 9768 1319 7091 5221 7240 528 8006 
13 2571 8878 3364 7609 4154 8093 1033 1781 6095 1468 7584 5431 4383 
13 3024 9138 9595 3425 1123 1700 1513 8772 1679 6276 721 5846 3728 
14 6404 5771 9561 649 1595 7647 4117 622 22 9853 25 7736 3604 3652 
16 1888 8310 225 902 7380 3326 7267 1681 7962 9348 9742 5338 1148 3040 2277 7083 
14 7862 9071 9845 2074 1523 2846 6674 6504 6001 670 8388 2325 6391 7165 
15 7928 3411 3579 1601 64 599 3746 8179 194 824 7466 5496 7280 8320 9365 
10 6457 2112 704 2107 4689 7594 5262 8745 8842 8553 
11 3333 3148 9202 1414 76 3877 4209 9392 8511 4461 2709 
15 8587 57 1864 4130 1771 3789 1967 4834 4682 5519 2341 4486 1806 6394 4284 
8 7249 4410 2072 9044 1621 1445 5073 7151 
18 8204 5324 2520 7494 8940 9769 5306 5990 9152 4217 1457 3803 9995 1832 9957 2985 8322 5696 
14 5090 992 4767 8035 2230 9075 173 1053 8250 2567 4102 9798 7803 4728 
14 9412 7020 6924 1221 9751 7372 4141 1871 2501 7534 9372 776 2629 3591 
15 5227 7188 8449 2036 4593 2140 1309 1752 7415 4854 3811 7680 198 9959 788 
6 6403 9409 9262 6815 2288 9677 
6 4414 511 212 5359 1644 3760 
16 9901 6160 5406 7690 9011 9679 4907 5017 5308 5584 1314 1965 6763 9991 388 1936 
16 8978 9090 2181 2008 8869 6662 292 9052 3292 118 4845 121 6823 4498 8997 4267 
6 7716 1671 3774 3290 3609 4374 
18 7104 4228 6836 849 3651 5014 4128 9651 8492 1302 9863 8621 4621 5905 184 7170 5122 1247 
15 6913 284 6805 3615 415 949 9813 1768 2033 9839 8533 2101 2946 6555 2175 
12 1273 7196 7162 7172 4196 3396 1937 9944 8881 2630 2474 3415 
9 2531 4661 775 9731 403 7381 4819 4317 4311 
15 3410 4153 3468 1944 4843 6437 2805 5525 2850 4053 941 9689 460 1435 3098 
16 5358 8191 7512 2366 715 8981 4405 6033 6167 2183 449 2607 6286 1793 9596 2158 
12 8382 5087 4068 320 9795 516 3212 6362 7225 4176 3687 1115 
10 4637 6786 9685 1843 4913 4756 8239 9632 9804 9252 
15 1515 8112 9720 1897 852 5021 4330 2085 2817 7142 1099 7544 333 4517 2821 
13 961 2060 8713 739 4167 2132 8785 1920 8209 4847 4409 9758 3861 
8 9254 422 8629 908 6062 8247 4903 9360 
9 3103 6220 3105 9104 7224 1062 2601 7341 5226 
4 2718 4715 3171 8409 
10 1867 5887 1605 8652 7284 7675 2394 6489 132 1164 
3 9927 5666 939 
18 3005 1228 3196 6329 4115 5300 8664 6041 4062 5172 7830 3049 7608 4964 4016 9381 5737 9486 
14 61 8989 6172 6067 501 990 5837 2942 1896 2401 5452 8067 3389 2475 
16 8406 3976 5477 9557 9761 8521 5289 3054 5892 1524 7778 9584 8525 4272 5257 6612 
19 297 956 435 1500 6749 4200 6987 338 2898 8560 5958 3263 2766 3881 2588 829 469 559 8013 
9 7553 8155 4355 4195 9038 4965 7987 114 7015 
19 117 4455 5713 7787 5907 3463 2187 1584 5803 8421 7958 3368 2489 5577 1391 4408 1077 7772 2638 
9 7329 1323 553 3482 3466 4515 233 1581 3301 
17 4848 8955 5535 6393 6550 7567 7148 4266 5163 6378 2380 1068 4146 4797 8151 2976 3422 
3 3168 8642 4887 
15 5649 4657 4656 9981 1211 7045 3053 272 6332 2587 5403 620 8602 1696 7079 
15 4665 102 7846 4642 1412 645 4685 7164 5052 2350 3598 1361 5956 855 9220 
14 6724 4842 5189 655 4450 9165 2663 35 7662 3429 1071 189 2583 56 
11 7346 2216 897 2319 2644 2417 754 2991 1028 1442 9635 
5 7357 5717 9316 266 3202 
16 4225 6843 9744 138 2393 4654 4264 4979 2279 2780 9665 2743 4669 4460 944 7758 
12 8351 7041 6280 1046 7811 4365 545 5929 7272 4400 2808 5315 
10 610 7347 9508 9474 2990 4012 9122 5251 1390 6981 
6 5693 3564 3891 381 4247 4796 
10 3017 2686 2661 8840 7150 7180 3495 1860 8357 5975 
10 5402 7572 6784 9341 377 7080 4711 3907 5675 3915 
14 627 8302 8167 5070 6946 6196 1392 6977 967 3937 890 7454 1795 3255 
10 2297 8945 3636 3436 3487 1668 6469 1727 7815 1427 
16 9003 6466 8059 772 3721 7810 9543 1592 9023 2777 4304 1130 1782 4572 4165 2249 
10 3025 9559 1777 4328 1194 8763 2081 5908 1632 3568 
9 9514 9306 9249 1775 4960 4743 5621 3447 7824 
10 585 6048 8021 3779 2467 1655 541 5915 3 7655 
4 19 8088 9783 1572 
12 6916 8435 3816 4895 2975 7931 6002 1443 6398 9929 9578 4065 
14 9267 5060 5678 3138 9738 8799 8257 2126 3443 3489 7971 3272 8931 8517 
8 6875 1560 5285 4666 7515 9187 865 4770 
13 7585 921 8062 6969 1660 2782 4884 8039 7006 551 1401 604 4427 
4 3257 1146 1789 1971 
16 2735 5282 9926 2781 8575 4302 7463 9116 6762 816 2903 4596 8752 3581 2127 4479 
8 6069 1422 9045 993 1689 2670 518 8727 
7 3055 5654 300 2184 4558 7453 7068 
14 200 159 5304 9752 7119 2250 4396 5503 3351 467 8875 5146 4702 7624 
6 8133 4520 5632 3757 6103 7760 
8 734 3817 615 8243 9735 4066 9482 943 
15 2507 8128 3190 1109 1729 8823 7342 9790 5240 2715 4870 5181 7155 9302 9760 
15 6228 8708 513 9068 9370 6218 7010 8767 9355 2694 1520 9812 2003 7050 3132 
12 4080 842 2143 4031 4877 7874 4099 8296 1008 96 3979 7773 
13 7141 3692 3786 4143 9503 4376 1208 6709 2047 9903 6468 6401 7126 
16 6410 8786 4063 4206 128 9219 674 572 4046 6643 7455 7294 5088 5980 3046 2219 
18 8557 4511 8462 1550 5409 5881 2523 8615 947 8903 1996 9701 9480 9083 3800 3995 1383 7295 
6 6695 3608 6771 2662 9801 8958 
16 4307 3555 1866 2696 1755 9031 313 4628 4712 1941 1853 2403 1608 3013 2083 6214 
12 719 5381 9364 5473 864 3135 8512 7841 4175 8398 5685 5224 
11 8146 1040 730 4072 7193 5158 4259 7549 1535 4999 2191 
13 6412 5335 4171 1697 8194 6814 5593 8335 6926 9470 236 8780 9971 
14 9691 1625 853 7191 164 5620 3104 1431 2093 693 9017 9699 652 6545 
13 8699 8425 7861 8962 9477 1326 8023 4938 4787 405 4394 8016 5742 
16 7965 3375 5034 3542 8229 982 7208 4944 9333 692 9367 1766 539 7801 3642 2865 
10 7975 6903 6409 6884 1637 2338 6848 6463 1161 8880 
9 6189 7406 6186 9449 7363 1688 1265 4313 4604 
11 5205 100 9199 5377 6021 9297 3117 9548 2150 4550 2807 
18 3067 6402 8804 5213 7232 9485 1193 9847 9923 3016 9816 6162 387 7728 6846 341 9269 7767 
4 306 7839 2895 6194 
9 1609 7710 8637 4223 3157 5161 6498 2537 1817 
15 4935 8445 6526 2180 7900 9641 3317 8063 7274 5303 3777 496 9605 2767 7121 
13 3371 6438 1745 2930 3773 254 5583 6908 5729 7699 798 258 8392 
14 6053 9464 2020 1222 1142 6208 280 4136 1045 1217 1538 2739 640 6070 
11 2519 4717 4246 2281 6565 4092 2761 2533 5195 7031 2258 
4 2788 8306 3206 504 
18 2784 2869 2006 9406 4875 846 7203 4227 2737 3462 5829 5292 5314 5278 3592 4860 834 9307 
13 5721 3409 2681 3249 6842 7120 3793 8477 5495 1776 6382 5401 4350 
13 4467 8277 5043 3124 1393 878 2075 6754 9994 5845 9332 1128 7751 
14 7471 6119 6058 6580 4249 8551 1106 9972 4173 9748 7279 7096 5972 5839 
14 9625 9144 9696 3646 5064 9633 8918 8624 1672 5343 7291 1059 6334 7518 
9 1593 8795 7135 3807 4111 9418 1279 1826 6086 
15 6912 2108 5212 3092 7579 4921 6813 546 9337 6472 8657 1155 593 2490 4683 
14 497 6647 4537 7764 7078 5214 8148 8284 2950 7094 6528 6546 5058 6867 
16 2774 549 9207 9890 3203 2442 1710 3798 216 3433 7259 7435 1214 7896 2094 8424 
6 5983 8145 6373 185 598 2211 
13 6239 2981 1223 9838 4703 6921 3938 9298 9962 3752 8031 9793 2593 
4 9864 1835 4528 767 
12 5332 6360 2455 6982 3940 524 517 3217 386 9086 8197 4926 
14 975 9511 4205 8444 5777 2324 5188 6066 905 999 7850 5752 5591 3671 
5 6304 1135 4316 1760 4886 
13 8736 4028 5245 1564 6200 8273 6925 319 8807 5028 7835 7359 6931 
5 6822 7444 5574 8852 6834 
8 6150 5686 3373 9303 6120 987 9462 773 
9 5049 69 2385 2377 780 3044 9346 3898 7718 
13 4742 9996 986 4586 6571 2599 5340 9400 6578 861 347 3943 5812 
6 3321 8872 4280 4466 2088 6576 
14 7430 7816 5182 697 4002 5540 3999 6856 3738 4340 8041 7981 4010 1149 
8 4349 372 1023 4893 3215 2517 1648 1983 
12 7911 7759 3366 9702 9284 9512 9718 2428 6082 4229 3192 366 
14 8803 8290 3859 4749 2206 7384 2857 2268 6077 745 1116 1820 7427 9700 
5 2603 2026 4630 5371 3794 
10 2123 8555 6746 9478 5457 9205 686 2102 5061 8047 
14 4910 9680 4255 8346 6379 4113 527 9694 5124 3847 4187 7740 7483 7382 
13 400 5868 6188 2657 1005 1121 1041 862 9107 2229 5129 2125 8076 
16 2883 6123 8614 3770 9617 2907 1721 7757 5031 318 5527 5450 2034 9656 8162 3956 
8 6547 5934 5539 7916 3510 5486 3307 7397 
13 7557 8412 1332 196 3174 4906 2921 3908 6483 8649 9762 5772 8455 
12 6206 1430 7915 3775 6885 9106 458 2116 2476 8904 1940 6187 
6 271 2217 9483 7026 6310 4118 
15 1995 718 5866 7493 7712 5794 8143 9867 4526 9582 3831 2870 7244 1418 3617 
5 9314 7246 6377 4680 1962 
16 8262 4706 2711 8868 7576 4888 9272 4300 2444 4406 5016 5608 503 958 1152 2342 
15 8832 1968 7103 6168 4652 2648 9980 1999 2160 5231 1308 2915 5946 7426 8321 
7 3603 3239 241 7097 5500 2477 2736 
9 6711 3875 4109 6767 2453 9065 7794 9270 8563 
13 1200 8653 9495 9712 1271 1282 2 5054 2552 6385 8064 6146 932 
3 9459 5917 8863 
10 2015 9925 7573 1650 5641 7124 5770 4367 796 3730 
7 3445 7988 9513 7779 1517 1841 3039 
14 533 3029 444 3205 5082 6451 7668 332 6284 5026 407 8678 3670 4303 
10 8559 7243 499 290 6254 6854 5564 6126 8313 8561 
8 2934 7569 7075 2369 8769 1497 9814 1822 
11 7230 3585 172 1105 2232 3374 3195 3385 5355 1398 246 
5 2720 3693 3381 997 1000 
14 4071 3830 1311 7456 494 8731 3424 9784 1756 5532 7308 5329 4032 4230 
10 8787 7612 8055 9087 2912 4525 1912 2167 5879 5903 
11 1313 3057 1272 2352 4615 7102 9292 1012 6552 889 7025 
16 5856 4421 7709 9563 2207 779 2390 8007 1394 8228 851 8030 7187 9588 5419 1522 
2 4733 7948 
14 2986 24 375 6645 8075 1738 1734 9934 8820 4947 9880 4166 5252 289 
8 3200 8274 6541 3146 1800 1922 6049 5687 
15 483 9313 2787 1521 3921 9022 7894 742 6868 2189 7369 4513 3769 4977 3819 
14 6139 9654 6133 2893 3469 3083 6442 256 9143 2510 9667 4357 4097 4251 
9 3147 8585 6641 3009 4523 3473 6183 6542 9745 
11 8484 9806 9538 1997 175 7792 8486 2790 8111 6830 8541 
13 7198 9846 2260 6279 7654 8395 1201 2754 4001 588 2013 4808 8556 
8 3972 8529 3966 3623 7876 2151 1246 5312 
12 4020 4475 550 5860 5815 8833 8562 7674 7798 4943 314 3518 
14 119 3420 2738 9737 7763 5971 8750 8976 6778 7743 9340 7413 5033 5735 
13 2056 7174 6985 8806 2927 1942 6699 7749 6219 2438 6622 576 1928 
7 825 9134 7613 1278 134 4402 6448 
13 1372 4914 7019 8028 3512 744 5559 1119 7213 6950 4434 4015 8083 
11 4984 7109 9276 9191 3476 4802 4152 3297 1846 1614 8100 
8 1054 2695 9763 7324 4917 2616 6788 6621 
8 328 9705 29 9473 5783 5553 1893 7032 
12 8448 8996 8072 9475 8970 9395 5635 2906 5739 3677 6988 4243 
7 3294 656 2412 3075 6936 9942 4273 
7 2465 9733 7956 7934 6877 6316 3539 
12 9805 5576 8506 8766 3986 2479 278 2419 7352 2582 1292 1488 
13 2538 2578 7323 3453 9046 2729 2996 7605 4370 8924 5422 2405 454 
8 5086 3540 3090 9610 2706 7108 9579 1456 
10 109 4056 2881 1970 1263 8640 1299 8800 4758 5071 
20 2278 8675 3849 1735 1100 2426 4792 6579 6871 9192 5256 8326 7570 2874 8233 6036 3900 915 7431 1216 
15 9164 9452 5967 3220 461 8682 6414 6054 3553 1151 5196 6688 5568 5928 9423 
7 1830 5920 8631 9537 3160 4705 2758 
4 4648 1189 506 2573 
14 423 1269 6575 922 146 9362 2548 7630 1539 6915 3834 3980 6611 8554 
10 9974 8378 5901 6672 529 2776 6245 5498 5344 1043 
12 950 6809 7901 6523 646 5112 8952 3583 1639 870 8928 7871 
15 3546 41 5507 8979 5554 4867 934 7234 8373 1791 9103 6129 4579 3624 980 
15 1757 2566 1527 7837 7580 3475 2969 2979 9407 813 9534 4179 9998 6592 1462 
13 3821 3675 9815 2304 3672 352 7081 4989 2768 5722 2344 5657 4570 
14 5440 7768 3276 8464 1113 7686 5764 7236 4930 9444 9422 9708 197 5098 
16 5387 1986 9035 8902 3866 1831 4879 8268 5219 5611 5801 6097 9802 5397 3131 4701 
8 6265 942 2110 4644 8911 2204 8183 447 
15 6003 8328 5193 3394 6450 4213 4024 1750 6737 8516 9232 6428 4765 9415 5147 
12 4761 1494 7903 3073 93 8300 6678 9924 2699 866 7721 8592 
13 6710 8213 8737 7561 3430 6512 3556 1168 500 5610 3634 2703 9253 
20 5727 6740 9345 957 7548 7448 6757 9836 3340 1132 4064 6149 4503 9725 3392 1103 9877 6050 3283 8202 
17 7314 439 2245 3133 6729 3370 2829 2355 5238 5779 4430 2434 7139 7473 4422 1638 9331 
9 565 3530 7941 5566 9968 1004 285 4727 3824 
11 1002 1176 4940 1842 9447 9163 4037 6835 5925 3600 9257 
17 6706 8104 9166 3030 2585 7434 3993 7882 724 6722 1767 3421 4919 765 2798 2872 8658 
8 3855 169 9402 2399 4495 6615 5008 8788 
9 9965 9947 4207 380 3230 5153 4837 5056 3920 
15 206 8157 3270 1862 6633 3640 8420 5514 3141 3210 6838 7470 2199 2825 9791 
13 9757 9564 4863 2415 8134 2397 8960 8450 9539 7653 1108 6732 4261 
7 6418 6570 9623 6392 6515 4 1147 
15 2166 2511 8338 4873 5899 6121 6657 7870 7286 608 536 2462 426 595 1238 
16 4601 2783 1630 9842 6984 6455 39 857 8410 6192 1370 9943 7785 9590 5215 1249 
10 4112 5970 1215 6956 1553 7920 7334 2174 3139 23 
3 8071 2027 8927 
4 7575 9077 7339 5281 
5 4980 1529 5872 5534 9740 
10 4428 6199 1384 3778 9628 8816 6642 5045 8835 4471 
7 474 1984 8671 2292 1067 8755 7402 
15 3197 2742 5516 5746 4387 9128 2797 2079 3403 5442 6659 7546 8293 7883 7362 
5 3281 5025 6618 66 6190 
12 6031 6971 7840 4872 5279 3753 230 4221 4407 589 470 1751 
14 6004 8367 802 5663 4546 8826 8272 3845 3667 8937 3874 3832 6845 1919 
10 5668 9289 8848 9920 4953 244 1955 3829 3767 8473 
12 8203 6141 1910 6745 6203 3391 2676 931 777 478 5489 7052 
14 3840 8882 9743 9319 8876 6839 6078 3867 847 5097 7030 3695 3235 2469 
17 7993 8728 6182 8791 1884 5743 3666 2335 4318 5548 510 5724 7782 9713 911 5095 6944 
14 394 4659 91 5437 2622 65 3685 7403 7817 2801 9105 8920 5117 5964 
10 1503 2305 3193 4163 2263 8944 8696 8574 9010 5057 
6 8236 2919 310 9260 9041 755 
10 8342 7373 6639 8176 4485 5491 459 2935 1460 180 
