26 5954 5837 5077 9150 5744 9395 9499 7390 9808 3670 9092 5852 628 9547 3927 588 875 4939 3200 1869 1728 1601 8409 2594 3901 2994 
28 333 3632 1130 8080 7161 4739 9485 1895 3242 2909 9526 4689 1147 7112 1504 6539 9852 6712 9214 4770 4245 4932 6593 3154 517 9869 265 1778 
31 1434 4904 7662 5503 3482 8432 457 1644 8320 1707 2538 7925 2100 5603 4547 6272 8436 2287 4756 5775 2660 5139 727 8922 3066 2962 7730 2275 7938 4256 9784 
26 306 4390 9589 5310 7144 1794 7299 3037 5474 38 5297 3241 5135 1552 3747 2714 2333 3615 3790 7143 988 5363 3219 2706 836 1911 
26 9670 4049 7175 2512 9732 4560 4926 555 4672 5315 204 4168 1650 3446 6006 5409 2447 5464 9644 4429 3294 4000 9924 6041 9573 4539 
28 9145 4878 276 7295 6767 930 1865 4465 6535 4938 6666 1988 9919 6060 3896 5040 4812 272 4772 5589 8763 8018 1454 2170 5559 3645 3422 7021 
32 4506 1893 350 6102 1756 1373 4076 3122 1602 51 943 3545 2857 7873 9010 4578 9290 4737 4534 8331 4604 4626 5145 2392 6289 5521 8084 509 4532 1327 4364 8392 
25 7418 5756 4006 7957 7239 3904 4325 7291 3298 1618 4295 1188 2300 2110 7437 3728 7634 8900 8312 4403 1951 1975 616 7854 8307 
31 8033 3516 612 8590 8919 7230 1197 4386 5166 9477 9183 4263 7062 569 4612 1742 861 1838 635 3576 9717 3248 9944 6144 129 7101 7711 6052 5787 7655 7911 
33 9413 9868 446 5345 4573 7976 4126 1322 3934 8493 1564 7950 798 8335 7443 3321 4602 8762 7184 775 5565 9040 5957 5630 1992 7434 5088 7967 4319 8803 2385 7697 7534 
28 2849 9538 862 8324 4507 5126 9708 6752 541 4457 2078 300 4882 7884 2237 9387 3596 2087 6307 1438 6081 2575 4267 160 8695 8792 1559 3748 
26 7590 698 3987 8693 3731 4355 5863 8349 2613 1872 3565 7863 564 339 2151 4970 9174 4653 6514 3221 7197 737 6972 172 936 6625 
29 1179 8545 8948 4660 4050 9777 7116 6212 4044 565 4031 7661 9051 1642 8124 6757 4340 8908 180 1379 6118 9603 2336 9713 6358 8774 7997 6179 5178 
29 9832 1574 2086 7929 9129 2506 706 4298 9491 1344 8258 1395 3584 7792 2077 8960 505 3638 2361 9663 767 6116 5437 9576 2257 4735 282 5418 5453 
29 5835 5030 7251 330 7992 8176 43 7931 2552 4064 67 8476 5854 3926 2019 210 2387 7881 4475 6894 7168 7451 9063 1583 8846 5215 3345 5930 9018 
31 681 2586 6392 1831 1860 2 5868 1441 8620 1609 1620 2547 3794 1680 6025 1467 6174 6175 5978 297 5899 355 8459 5094 3750 5449 1686 6577 1288 9645 2494 
27 6599 8085 2554 2335 1855 2346 8500 6978 4880 1693 4281 9029 4511 9845 4477 7932 9796 3776 591 4709 7665 948 6534 5926 8918 3059 4329 
26 7759 3628 89 6961 2085 5313 9585 2738 91 9437 2028 4334 4379 5417 1451 1927 6353 6249 9846 6834 9536 3661 467 518 7996 7234 
29 7426 4119 6001 90 5534 3238 3091 7379 2919 689 4577 8967 7300 1482 2251 9673 2757 414 6967 3093 1729 770 8287 9686 9193 3649 6883 3668 6596 
28 7833 1271 1021 6973 6402 2710 7227 2061 8325 2513 1526 7958 5869 7491 5373 4843 5123 2490 1561 118 3029 932 4155 486 7966 1071 7593 4678 
31 719 8468 9685 968 6322 7086 7572 4858 3275 3770 1306 3234 2243 741 6735 1249 4332 1530 4693 6953 6689 1757 4007 8467 6852 6848 5599 1474 818 1727 849 
30 3016 8730 8078 3060 2715 432 7894 3118 365 106 6740 5509 4988 6780 7056 8338 3674 5958 6759 9471 6043 2081 9859 6801 9977 6713 5471 9580 4097 6898 
31 4078 8364 3210 6258 2578 3696 5726 6753 4175 3854 4221 5523 987 991 6693 6829 6228 5104 938 9587 5708 2700 6243 3726 4651 8308 8032 9244 3468 9866 7215 
31 2446 1826 8205 6265 3027 2693 1818 2253 3898 220 4356 7592 409 8224 301 8616 6337 5122 6072 9050 6904 1391 1338 2344 5807 9879 1538 41 2059 1533 1185 
31 2995 7855 4773 6635 5999 5182 8663 6000 167 3610 80 8588 8458 1309 7400 4132 5048 5220 3599 6724 7333 5165 5625 7945 7512 8043 8376 7788 696 9782 4915 
30 9191 3123 4246 8625 421 6464 3040 5433 2788 7305 4223 1144 5761 664 8254 3677 4244 1033 6695 8612 9210 4029 6517 1731 5337 7807 4561 2911 9015 9600 
26 820 5147 49 3462 4248 8865 7840 2375 8309 4047 1389 3778 8691 3753 5943 4310 100 6219 622 9225 4510 1800 8105 6074 1428 5988 
28 9925 9826 8934 2766 4455 1283 9599 685 8876 1011 4785 334 225 6398 7167 7236 407 9337 1733 8930 4206 3861 8252 3141 1594 7089 6942 4254 
27 2603 625 8835 8797 3623 6710 2433 4055 8025 8832 9035 8686 7557 157 4033 2663 4441 1803 4073 748 9945 857 7810 1209 2999 5007 7887 
34 8141 9861 5014 9942 5815 1417 785 590 5610 980 9126 5314 3110 1045 2539 5664 305 5727 222 8119 8271 2988 6468 2196 579 6858 25 1576 1518 8522 6783 1607 4771 6491 
34 2870 993 138 5475 5886 479 1024 6459 7279 163 1932 8377 5058 6409 6171 3055 2325 3502 5073 8650 7700 6649 9162 6803 6831 1019 9638 8527 1874 8935 47 4540 8443 1993 
28 2038 7822 554 8980 6445 1152 5368 791 6854 5012 4306 5550 3174 7973 8780 8773 5236 7684 8156 5866 6679 7868 6909 5650 9474 8068 6133 694 
29 6430 8394 3679 8166 8565 4697 780 1412 1012 6523 2021 3379 4892 2977 7199 6521 7292 7410 3253 3714 155 3483 8243 3706 8081 1705 8092 126 2504 
29 1572 6214 766 5997 3992 9190 2239 630 7349 3711 1194 3908 8677 4401 5600 3514 9716 5567 1732 5288 3966 897 4999 9025 4490 3457 6269 8360 9895 
29 9159 9435 5952 7611 8074 8575 9915 320 1657 3069 9908 2818 8509 3495 7053 6466 3740 246 7211 1251 1041 7224 2824 1119 990 8416 4516 3857 711 
28 8232 9288 4870 7042 5082 8257 2410 6750 9976 1290 6814 6187 6483 5191 1063 1416 700 5212 4513 5920 1696 1979 6560 6324 1263 7246 5470 3818 
28 7678 8546 1924 3 2221 3541 3100 8211 5350 4822 9370 7321 1171 6841 8757 4842 2688 9275 8405 9569 1357 9101 7477 2848 7861 9748 624 7774 
29 2863 5703 9718 5557 6669 3476 9980 393 4734 2313 2624 8944 6287 3146 832 2010 947 5590 6124 5573 1230 3924 2421 7128 2264 8305 2273 4875 6422 
29 3387 2417 9361 7458 5349 8120 9097 4530 7110 4205 2281 6277 3330 7928 1003 4294 6147 8972 6494 2592 7786 6903 5120 7287 8708 321 1739 4235 1154 
28 1666 6668 1285 7867 6794 2057 8564 8036 4017 7614 4869 3290 8337 2780 8630 7701 7750 302 6505 3365 284 4613 8742 8535 5936 287 2668 5738 
27 7277 7643 9336 5553 5520 4192 9831 4948 9880 1064 576 2558 933 8666 231 2739 611 4240 9156 279 3564 1506 3112 2976 1820 3872 7899 
28 5455 1539 256 7173 6910 5400 5654 7201 6027 8627 5023 2474 8844 7589 8886 2060 2869 8614 6877 3046 5980 3342 757 9631 9865 6533 1672 4594 
31 3440 3815 5197 1499 5940 9963 2531 5168 8040 5547 7082 4101 5118 9824 9430 5956 6078 5199 3754 2488 9920 6314 7266 1078 5719 5575 427 6833 5513 2528 5921 
27 6885 1204 1492 6003 6313 8957 2728 8463 4341 6572 5647 911 2121 1963 3568 2837 1858 2309 8161 9911 4876 1910 8853 485 1943 6217 3952 
28 8725 5049 2351 3867 4607 7482 8111 3803 6267 8251 8131 1524 1929 2369 6418 3213 4085 248 4928 885 2074 7052 5225 860 8782 5621 8959 8799 
27 6042 9498 7694 3763 2746 1542 2129 5401 6037 881 9628 2500 8426 1719 4258 5643 325 9807 4846 9516 1107 3627 5702 4840 7174 3285 969 
30 6440 2713 1186 8745 171 1414 8848 4137 4460 5100 6252 3011 7118 198 214 6653 4740 4669 5617 9726 9611 6605 9146 9331 5342 7152 2776 1615 4956 8194 
30 9738 6062 3914 6864 6278 236 6547 925 3487 4533 1630 3981 1761 9381 9252 6223 1161 2564 3222 2662 8973 1605 6608 1669 4326 9978 9374 9904 7805 7917 
29 102 3128 4824 3391 8954 8873 2937 5403 373 6651 1749 9068 3220 4112 7353 6725 4924 6469 6700 104 4537 4663 8902 3938 9134 2041 9615 7066 4747 
31 7136 3179 3471 4715 3412 9974 4393 7296 2892 9281 2068 3548 1405 3065 2033 1507 8550 3461 514 8196 5103 5271 9597 3053 5624 8606 3712 262 3045 7004 2611 
28 3160 4568 9804 9382 8884 9504 4478 8005 4174 1349 1724 8899 916 8591 1068 669 2508 2929 6777 9298 7255 9108 859 5734 4586 1522 2349 2879 
29 8450 7096 5881 6005 4976 8442 8793 8264 1433 1557 8989 6665 3888 982 7733 3890 6106 1652 8403 8069 146 6066 113 8302 9912 8810 145 2532 3876 
27 3883 8472 1037 9033 7581 7719 8968 5176 420 5035 3631 133 2981 245 6302 744 2047 8580 9639 3749 9301 4105 7106 638 6189 825 5823 
31 6507 3025 1751 7329 6382 2168 9754 5351 8076 8642 200 3506 6800 5803 5909 1636 8175 5662 6962 649 2886 4886 9000 7204 1018 1529 5649 4517 7968 5029 7820 
29 156 1386 9727 3198 9128 4200 6516 9907 8924 4454 3802 4413 1226 974 1182 1962 751 1866 2889 440 1884 9746 9749 5710 4039 3936 8060 8228 4690 
30 4523 6956 4751 2141 2218 5303 7691 6276 4665 4579 1825 3453 9739 2235 7088 2631 1351 8671 2598 3751 7067 7497 2366 5039 6818 9353 3349 8225 2016 85 
28 6130 1568 1670 6748 678 3267 9571 4194 5506 4647 8391 9689 5905 9434 2032 2462 4865 9551 9946 7226 267 2025 1626 882 1967 5481 1665 8909 
30 2851 6891 7047 7708 3781 5308 2429 9235 9781 2415 4857 3835 567 1919 9160 9390 7692 7656 9021 3852 1090 1202 7619 7687 251 7731 340 3381 8470 5273 
30 6781 4466 4182 3873 5669 6869 338 1004 7790 2477 5366 8505 1747 8371 2342 2970 4538 583 4826 9083 7398 2222 4439 4462 2109 2095 497 9152 2296 2681 
28 6424 7704 5777 5483 9304 9590 4302 9745 3348 5838 5911 5382 7076 4425 2546 1173 568 3325 3371 4725 6194 3977 4042 8174 6169 448 5779 6588 
28 1717 5008 6970 9236 1969 7650 7751 8418 7745 4726 8245 4582 6010 7388 3721 2551 2645 369 2432 9567 5799 4285 5743 5765 6339 5882 120 2783 
30 6428 482 2557 4996 2930 9520 6985 9955 9467 996 1151 8679 7415 3262 4728 3798 6298 600 9453 6594 8425 9929 5640 3792 6536 898 692 8893 8928 2678 
30 6340 3833 6687 7969 9632 7728 1593 7960 431 9375 5429 2946 1589 1280 5093 580 1536 4321 7585 454 9373 3140 3374 4884 1287 1798 7214 5231 9768 4131 
27 9058 9960 1531 5653 273 593 3186 4472 7777 3429 1189 2867 4079 239 9902 6350 4118 3690 7599 1077 9061 3577 2732 8219 4237 9882 582 
29 187 9328 7569 5206 1809 8162 4983 3619 3439 5355 2542 2122 5766 1721 234 7737 2312 2259 8563 2458 3178 5961 6579 9610 5305 9710 3138 1315 6835 
31 7138 8653 2297 6030 3323 3373 1575 35 2744 7870 7045 7835 9327 8260 9057 189 6388 9729 6963 7248 7129 342 7311 8169 8112 8516 4600 5712 119 1212 7341 
31 327 8407 9248 5113 5566 288 899 3465 9798 358 1007 2062 1032 1214 6253 4410 96 7310 9659 2910 1087 6734 1180 5753 5099 3521 347 1939 5317 2007 5698 
29 7653 8366 7698 6113 6410 9286 2644 3420 8904 3647 5501 5292 55 4199 3368 4421 3287 1781 3085 6087 4863 1362 2174 754 2779 4592 852 5591 6065 
29 9392 8568 9440 2365 5794 7244 8936 7715 7467 9289 6185 5329 1371 2316 8334 9250 1409 9734 1741 8656 4606 4810 8748 9849 9878 8582 6266 3106 1921 
28 3660 3288 5529 2418 6935 6766 5435 5105 6230 5121 7753 5420 5441 4925 5646 4054 4946 9901 3445 8676 6541 8554 8146 4479 2796 9991 3403 6164 
30 526 5771 5245 2933 2535 8421 3019 771 4089 9220 9254 8147 6976 6460 1744 1667 2125 3043 6146 912 524 763 4528 2102 6196 6273 6745 617 1738 3386 
29 5260 2864 108 3899 498 5910 4005 238 3326 4562 7598 5071 7284 5137 6948 2666 5731 7499 8804 1291 992 72 4102 6355 4905 8953 2481 4871 7796 
29 9351 7760 2182 6603 9930 2144 9640 7910 7988 2983 4025 4158 7484 7108 3127 5689 2220 6726 3602 268 7563 4234 8102 441 7396 6881 6012 5365 2103 
29 1785 4974 1556 3268 7952 3203 1132 8483 8760 4266 3356 7346 3616 9935 8135 9297 5977 3475 1591 8531 5995 6662 3478 1580 1834 6798 5507 7315 1177 
30 175 5524 8267 1956 8949 6255 3680 3103 1258 4185 6163 5146 8628 8437 2262 9185 4139 1848 7079 6558 5143 2199 8045 1811 6076 8363 3406 3931 3870 2786 
34 5604 6543 8850 9592 7060 8624 6703 2135 4524 7393 9153 4500 3105 5304 5289 1044 8925 123 4723 4074 8217 4868 1563 3012 7041 1455 5358 18 8685 3909 6303 1369 6447 4977 
30 4141 9166 9756 1520 5251 9268 6643 9864 9362 9733 9921 3955 8222 3136 9769 3700 6100 3814 4027 7003 4861 5414 2787 3597 1546 6797 3710 7764 6806 9346 
29 1808 4543 4896 1257 8266 740 5228 4387 4575 848 597 9482 8455 7043 7962 6545 6220 5614 1903 7550 8444 8079 4485 3848 6465 196 7789 2267 8465 
28 7584 4671 5334 5128 3764 7865 3587 800 7993 5904 8347 6941 7312 989 2576 1272 3641 5479 1845 7027 8720 7034 6420 2210 7647 8487 6663 9438 
26 4172 1833 5097 7918 3693 4802 1890 813 7338 2960 1861 872 6310 5108 6741 7385 507 8984 2277 7452 1112 8510 9320 9894 7654 7272 
25 3117 3991 1100 60 5724 6779 5296 5976 2943 359 8020 2811 4230 4525 8702 6527 5421 7530 11 469 7490 1305 3451 4897 1596 
32 2635 1512 7937 6463 6245 1422 6046 215 9223 3520 9531 4888 413 7785 4402 3730 5075 4335 7888 1606 5733 1043 8863 8388 2694 1716 5184 4270 4026 6842 6061 7260 
26 6975 5324 5109 7147 5323 5587 7580 1118 1986 1548 9855 7509 5962 5214 7500 7578 5267 5141 5445 3070 7125 6153 1010 6932 7533 3595 
29 295 8121 8657 6857 2906 8906 8651 6551 1222 5570 1302 7071 6581 4617 1142 6930 887 4035 8947 5194 4216 8113 1982 7440 1937 1891 6561 2249 7456 
30 2822 9360 1938 6640 6664 627 3560 1217 9489 7347 311 5757 901 7243 9249 3449 7893 2315 1598 1710 1273 3569 3338 723 7987 2964 5747 103 4635 5644 
26 9321 2803 4458 8439 2569 5875 883 1269 9917 5290 9261 1137 9588 6924 3723 4010 4372 1582 1625 5264 7301 8789 1254 5809 8574 9255 
28 962 3611 2855 1554 2775 6634 927 6084 8262 1329 331 6908 1070 2283 7196 9999 1623 5431 8064 4484 823 3688 4150 9517 516 8731 1875 6537 
31 4661 4057 1196 9646 2169 9384 2916 5117 7381 8417 1998 5369 6256 893 1172 9300 2675 5732 1567 1224 6863 1366 3523 8998 9318 4036 1978 7413 8916 1653 2084 
30 9822 352 3181 8049 9836 4009 2137 6754 941 3780 1980 6606 7330 3456 8255 1892 6698 7159 1720 5627 2676 1814 3469 8408 632 2533 889 6404 224 2980 
31 586 7633 3075 5865 3503 5226 4252 7028 5772 9495 3905 2097 5811 6018 6508 1494 9197 3571 4654 5399 1286 8570 7565 8785 1481 3586 2393 235 501 1473 5269 
30 2150 9211 7148 144 5632 9095 4567 2770 926 5183 174 203 5661 5894 237 5767 475 7795 6334 398 6900 9541 7263 5824 5452 7220 6717 9586 7294 3436 
29 1999 3704 8170 3064 3283 4597 8235 3532 1692 9231 3637 8907 8826 4420 4424 6621 4570 1763 774 913 6383 5518 3135 5812 2667 4820 7852 1106 531 
32 3875 9460 2963 2430 1612 385 3871 7800 117 3427 6436 5384 4652 3454 6993 7025 428 9081 7758 762 4404 1578 8452 6964 6855 6209 6201 9563 2306 5375 6647 6014 
30 1769 1896 8297 3932 9940 6348 6304 5759 5439 8655 4774 8857 6582 2743 8926 1392 9996 5154 2639 7241 7057 9305 4848 1129 8777 1361 4680 8978 9838 4347 
28 6423 957 9591 7883 6756 2037 7488 8718 6300 4641 2725 3277 71 4045 4373 7206 9534 1376 7208 1234 6694 9034 7713 651 2537 8776 4685 4300 
30 3183 3247 8566 7603 281 33 6944 9851 7462 7672 5162 1952 115 3609 1832 4934 6758 66 7999 9758 9511 7198 242 4409 1790 6838 4222 5678 9873 6787 
30 601 4122 40 1380 7773 1293 5424 5760 6847 465 2320 2495 8855 249 5152 5095 3650 5810 4399 1619 9386 4982 2356 1005 2784 5996 8658 3421 7568 5885 
31 7318 1813 8961 336 2640 6563 7842 1138 8649 290 9412 1915 1303 777 3269 6721 5519 4727 6492 247 4879 2035 7904 9789 2160 8192 6619 6327 5374 7537 2217 
26 3236 6200 6151 4219 7721 939 6559 356 886 5951 6813 3303 3646 7564 461 2070 864 8357 6592 2177 2883 7090 573 2902 5897 6121 
28 2600 8246 4807 3598 9052 1025 5706 9648 8423 9314 1218 2255 292 8963 1853 7682 3895 6476 5825 8684 5458 7017 10 8058 6028 8061 8037 8887 
25 7427 6190 551 2649 1926 1462 4795 3821 7812 8214 228 2560 8341 7630 6965 9005 7780 672 9125 1586 8747 1316 2189 3829 519 
26 3511 4951 9755 8829 294 6822 5102 2394 8389 9274 6385 3606 8861 3759 8355 4610 4836 9626 5697 9313 4253 5286 4571 891 561 2623 
27 6056 1048 6425 9561 544 7183 6718 8820 9494 3281 9240 6221 4040 7377 1176 1029 920 2130 1973 5931 5321 9605 6769 6013 4872 4923 4901 
28 2584 1942 4701 1835 5855 9811 9773 8410 9990 9658 9368 8206 8769 8939 178 3026 2278 7898 9046 7133 8397 3725 4463 983 2691 6161 8941 7348 
30 3831 1062 3316 8699 3036 9961 956 8687 6263 2183 7345 6893 9007 7740 8560 8168 9103 4596 7083 2073 2543 423 7669 9508 8343 7930 9900 6823 212 3808 
29 5371 7539 9075 665 7011 3411 8765 6395 8638 3544 9818 6515 5404 9278 2424 6629 9893 8396 3945 2484 7145 6771 312 942 7508 7705 3173 8898 9556 
26 8099 4066 8513 2752 6816 9272 1149 5878 9420 5480 5488 3094 2615 1458 9119 3319 705 7366 7504 1501 9652 6317 1375 3779 5915 1793 
25 2758 5057 552 3811 3537 4950 7981 5142 4657 8661 3132 673 1457 2327 2321 7943 3263 8208 9649 4426 5091 7858 9971 3071 3399 
27 6808 4753 5564 5462 5826 2101 9565 5748 2194 2735 4435 6773 8413 8842 8883 7033 9830 2899 9779 2127 8342 7074 7617 1464 6573 9841 6974 
29 1466 1109 4392 9933 1123 4730 7406 3741 8001 1081 5584 9654 1126 522 6432 2341 7273 6315 1240 7373 6870 9684 6281 9004 464 3311 4422 2901 9918 
26 8849 9887 4581 3856 8885 1737 4529 9055 8517 6795 2931 3020 8956 6484 9616 8599 1941 4987 8059 8557 2875 1374 4271 7843 1235 6441 
32 4768 4303 1566 548 5555 8543 1985 5116 3783 2238 3715 7597 2132 5311 3494 3795 1262 3477 183 4094 1748 6549 9341 2190 1318 6899 7332 806 9045 9829 9643 5255 
29 9189 8177 7115 3534 6283 7176 2279 8646 6971 2511 4095 353 4147 8115 5132 5695 5027 4648 2319 1645 7971 3935 2831 5341 4416 9934 556 8743 3006 
35 9180 726 961 1049 8778 4152 4716 7769 8831 6244 4799 9186 1326 392 4178 7059 6954 8435 6915 6692 5067 9355 6119 7975 6083 7874 1945 1155 7977 6248 105 3697 8770 8062 819 
27 8724 9820 6770 9175 6016 6452 3558 3777 9762 1971 7761 258 986 1774 2372 4549 9674 8827 6285 9693 5025 8809 3729 978 8011 7608 9558 
28 4891 3756 8434 5668 7253 8464 2058 6393 3784 70 4823 2887 922 5379 4488 4149 812 348 1955 3600 6723 3699 2978 4228 7192 127 5562 7936 
30 8544 6227 1764 3302 8841 6699 9147 3669 7278 6912 6860 2955 6672 1960 918 9666 5541 905 2974 608 1208 3990 9486 8836 4664 661 8749 3218 2956 7502 
29 3155 7574 1415 5241 16 3139 4309 2591 8000 1089 648 3846 529 5198 8384 6182 6453 3013 9676 1116 2159 7252 9020 6222 20 4552 4832 4418 2423 
28 9215 3119 5938 8003 6152 9549 9121 6793 4874 7703 6820 2426 5964 6137 9359 5076 9140 8336 326 488 137 1989 6103 1859 6181 5609 9431 8636 
27 3249 8492 3149 4067 6623 1740 9943 6538 8123 3603 4092 3028 2015 8867 3408 3732 3433 1343 765 3613 1878 3351 2953 1015 6390 3024 6207 
29 4052 4765 3681 2614 9428 8711 6994 5406 5053 1427 7536 6210 7645 8352 6426 8610 8283 8461 4787 1252 9875 7269 3032 7897 3239 2514 2814 9555 8670 
32 2717 9446 8183 2858 7351 8584 9238 6826 1770 8700 3304 5983 1799 1215 2184 5330 998 5114 6607 1584 5389 9016 8091 4920 2566 2427 894 4381 8830 7921 3279 6051 
30 3145 328 4944 3579 3557 9454 1760 572 4350 2175 7670 5412 3622 1170 7290 5842 1783 7155 2200 4763 201 8449 7306 2505 9542 3601 7050 547 4881 5486 
29 577 8383 8851 3582 7723 3033 7392 1996 3675 878 8144 8089 6145 3246 3828 8871 3463 153 4470 2164 6247 9085 1949 8716 9277 8165 6332 9404 592 
29 2098 27 4068 7367 1442 9719 949 8572 2771 3388 7709 822 4696 4383 4930 8489 5356 6977 9671 1480 6529 8703 3689 3910 8940 2211 5161 8479 470 
27 7851 7984 2042 5416 1677 6990 4004 5843 8728 7824 7596 5998 7077 6719 802 955 3184 9239 7814 1755 4536 298 7376 3717 2119 4712 8696 
27 9106 4796 3972 9104 9751 1210 3804 6519 2310 6097 3392 2577 3063 4750 2951 5841 7495 4220 3673 37 9620 3842 2567 9293 9423 2582 3082 
32 8103 9890 7448 7394 8717 3954 3291 9537 9315 1839 5510 7869 2760 5568 1796 6601 6291 9424 2419 1265 3621 3414 8086 4899 4508 6926 2302 7972 787 2268 1503 6632 
29 7849 4764 6992 2573 4476 6231 1804 530 141 8668 4127 2897 8332 2671 4232 5385 6110 1075 3539 8340 9972 7055 2197 732 4346 9094 6755 9802 8311 
28 8057 7674 2496 5115 5258 2167 3486 7526 1310 4489 3989 5963 5080 4098 7012 844 112 3419 7479 1026 5922 4790 8247 5344 4895 2380 7978 2288 
30 2163 1312 9747 4650 9785 3671 9462 8958 6286 5170 9461 1883 3986 9497 7941 9862 1452 274 9209 7836 5688 5986 6023 2438 8456 3424 7791 5795 8187 202 
30 8709 9031 701 8952 9606 8261 736 1390 5542 2920 4942 1944 3212 972 2935 8008 2390 7586 1511 2425 2723 4595 935 9744 346 6659 6709 2357 4714 1637 
31 13 1599 2874 2263 2293 4784 1604 1160 9753 1243 4289 3882 521 4440 4667 2153 2833 9931 1726 7803 8295 976 631 1200 8888 7902 9948 3588 4841 764 7688 
31 2734 6812 9213 3312 6237 6681 7016 408 5360 964 1370 3340 2835 5699 2724 9704 2893 2872 1673 8310 6678 5335 1624 1534 1703 7445 8433 1947 2008 439 7471 
31 5959 3353 389 7720 747 952 5705 443 6369 5512 9853 3176 9720 5106 7104 2014 6462 335 5422 5778 9234 7818 1475 2865 6636 814 3015 3583 9003 6656 9478 
32 6229 3929 1704 563 1220 2599 8910 9165 9622 2832 1419 4519 9871 2826 1128 8137 264 2821 1886 733 5357 9480 7170 890 7465 3447 7659 8393 9342 3207 4866 7162 
29 2223 8424 493 7222 7380 6790 2755 5188 9975 3912 8004 4679 7275 5890 430 1103 1496 6180 8982 2128 9294 5656 151 9265 5316 7524 4580 1697 4978 
31 8946 5482 9441 3694 8697 7538 7142 8532 473 9267 7876 3315 2465 7233 7515 5737 5485 3885 6768 967 4806 2002 9013 783 2063 717 1881 7970 2968 4775 1851 
29 6096 7576 7395 2228 2860 9625 2747 4069 22 2654 9593 1920 6192 4918 4317 6170 6617 4453 742 4233 1006 2347 6489 9450 2819 3800 2371 1946 5561 
31 4935 5326 1330 128 4 3259 6242 402 9393 3192 9078 2289 8617 6705 8350 3317 382 2704 8975 7181 9070 3916 176 6589 3823 9881 4666 9947 4352 7178 973 
28 2440 2090 1348 3044 6509 5598 7249 7191 4395 261 1643 5281 5611 2370 4128 9609 5037 5495 8571 433 8626 6342 7933 6086 2703 2544 7934 7886 
32 45 3636 8698 188 1067 1398 6600 2966 232 1994 6616 2961 5055 7766 9906 5265 5752 449 7365 285 7127 3252 6381 6259 7469 6840 197 2571 5548 1079 5044 4087 
29 8561 3171 3921 8339 6032 4817 1750 5925 425 5068 9812 8877 8604 4160 6433 8764 9276 2625 4554 9102 5762 8101 4121 4741 7600 426 937 5473 8265 
30 9340 6197 1768 2847 3005 2526 6493 2024 2868 9554 313 5169 8538 3003 2225 9630 6714 4815 6195 4668 3965 9132 6886 3626 4705 7583 6867 6762 1484 6511 
28 5919 3361 1140 850 9079 5423 8293 4116 1485 7743 7815 9677 5000 310 863 8490 9312 5026 4557 9465 2192 3497 5792 4176 2991 9041 7123 8096 
30 724 1712 6871 2756 6657 5353 4758 1898 4691 7268 1880 510 7267 1401 6345 9923 8129 4847 9429 7825 2362 6071 5243 7303 8306 2990 9030 951 5285 8805 
26 7914 8504 3519 7699 1681 7436 5177 4483 8652 2178 7282 6406 8722 6743 2108 6884 5186 2118 4211 4324 374 5221 5813 2915 7839 2406 
29 5634 5535 1983 1863 2013 6658 456 8526 1836 8993 3678 9973 9728 2463 7588 7739 3211 645 3473 8662 3230 9623 614 7505 9572 587 1801 9995 7492 
30 9168 8315 8440 3765 8083 7485 4278 3346 7541 437 1307 1020 2052 6585 140 7612 4218 917 6376 3824 3077 2932 5814 7498 2422 9987 5729 4353 6546 7414 
27 9742 7946 5492 6655 3903 1051 3762 2841 2323 7896 9870 3280 4873 2004 406 6895 1887 1456 1736 8419 6641 1232 4449 2491 6532 5736 9481 
30 8595 5608 2012 7331 8108 5307 5201 5312 734 9110 4825 5427 4090 3605 8140 1169 388 2407 6336 7070 3276 9319 3864 8852 2559 4995 1629 4412 9444 6730 
27 3448 6791 6959 3524 6150 1505 9242 2853 8182 6268 9127 7336 4081 9060 3657 1706 6326 7732 6394 7193 3257 5677 8117 6751 3796 8683 6090 
33 2368 6497 5262 4259 9130 3951 8701 7974 2873 6049 8178 1810 5189 2808 4293 710 7844 3567 8095 3204 6736 2208 5620 3593 9306 8030 9022 5391 5386 1237 8402 6639 5002 
30 2805 6683 2836 9378 4777 3331 9258 5244 4627 7878 380 4736 8808 1436 2686 5993 7620 683 9325 8480 618 3737 1157 5684 5085 5009 1115 390 1399 9700 
28 8090 227 7707 8872 208 9184 1238 2318 1431 6918 4520 6989 8191 2534 5477 1352 3125 6739 1426 5607 1331 459 195 8712 2737 2781 5681 9914 
27 6950 6610 26 3051 9322 5348 5171 902 6473 615 6183 4658 4179 7130 6338 4051 2521 9614 5616 3270 8905 7551 3041 1181 4762 2565 6575 
30 7080 1425 5112 5829 1560 2468 6411 8937 8365 4931 1688 83 3635 4986 1308 4288 5299 5652 8847 9896 3337 5554 1296 9369 7360 3859 9828 4461 6320 8629 
29 1141 7313 915 8282 7232 1276 8050 2027 4003 8042 1679 5425 9993 8824 9490 3686 1052 6384 7848 3466 9938 5011 2987 2405 7602 2834 5859 6542 9770 
28 9581 3775 7496 9202 6925 5461 589 7065 9425 5975 888 4544 7009 2382 7242 7831 3034 4125 4103 2596 1284 2377 9840 9377 7121 7553 2431 496 
29 5552 8152 2876 69 3380 1300 8201 5302 4559 7680 3434 7429 3849 3061 3983 6530 7834 9647 1471 7783 8 7548 4269 7073 1841 1765 2143 6496 3107 
29 9151 4473 5136 9966 3702 9416 4307 4385 9994 2286 3743 1074 2606 2984 7099 2475 3820 6487 6054 3378 6526 9479 7658 2437 2927 4380 6498 845 5517 
28 4804 3425 8044 7015 7798 4250 5229 4015 1882 2499 168 9760 8815 3893 3401 9712 2111 444 3031 807 9530 4968 7228 9633 5582 8891 4699 8816 
30 4960 6461 7724 9123 4046 3881 8328 8541 111 4130 1709 8284 4985 1662 86 7626 2798 5272 3244 3666 7254 7501 2553 2115 8533 6011 5918 641 4767 1635 
30 8598 2765 553 1734 7864 462 4096 3182 4134 7784 6856 6707 4599 9694 1261 6226 830 7438 2420 4405 8361 2621 5172 3838 9557 7518 5032 5092 6442 5240 
28 3039 7179 1036 6578 605 4673 2298 7513 8263 5822 8358 3850 4684 6386 1406 7265 8200 5493 4357 260 7582 4572 5217 6077 2501 3816 3918 5987 
28 4469 1437 1377 6983 4053 8454 9329 2001 5508 545 3543 2080 7587 4113 633 7829 1931 8304 3052 3526 4210 7644 4531 3328 9383 491 6513 5392 
28 602 3937 6092 931 6554 5896 7240 466 5222 1849 4140 3273 2066 7919 7171 3799 2299 1806 3000 1159 8881 6913 826 8779 2088 24 6732 2497 
32 5325 5944 1191 7636 9891 4474 676 132 2435 243 9883 3398 7651 4906 1402 557 3377 512 8329 8758 7069 1400 2958 9965 8188 4681 9905 4877 9962 8585 6598 4275 
27 8097 3592 9470 9506 2633 6922 6299 8911 8783 3144 9793 4428 2114 6282 7218 8420 226 4330 7085 5785 296 349 7411 9535 3589 869 5211 
30 4107 7309 4937 5448 3332 5783 1854 81 1174 5700 3742 2076 7554 5015 585 6644 4492 6104 471 4359 5858 1324 1356 9167 2248 4746 5586 3663 3970 7460 
27 7828 1660 8969 9612 5298 5912 9107 6162 5900 7466 2825 3819 1829 643 6134 7912 9509 97 7797 9245 9578 3426 4984 4973 451 8514 9741 
28 6933 5388 5914 7519 1236 674 6361 5856 135 5083 2891 855 412 213 4845 3418 8171 5444 1528 1902 7905 9903 1812 6495 6325 8583 6810 7319 
27 2381 2563 7358 8613 2519 5796 3079 9133 1555 5070 1708 8659 4919 8558 5786 58 3886 3343 1336 4159 8868 1617 9680 9667 7156 3202 5033 
26 804 2793 1410 7177 3410 8239 4589 9737 3892 2852 9072 6375 9483 8843 354 5816 6004 1850 8951 3996 8772 621 6094 9650 8932 1445 
32 8858 8184 5966 4966 2768 2053 8970 4315 7755 4929 3229 4021 2416 8755 2656 6749 1873 6111 3884 9345 1523 3787 1432 7736 8632 6782 8559 6490 5275 4437 7422 124 
30 835 3496 3383 1175 1059 1095 2748 7405 9260 4028 858 6684 7431 8051 1828 9066 5038 8608 2726 2650 3223 1570 2884 809 3196 6059 5633 1928 1990 341 
33 6330 78 7529 7014 5583 9219 3518 73 434 5850 841 8528 2763 3435 9414 954 7007 8601 4414 5056 6343 3007 3967 148 2628 5364 9198 3542 1958 8986 2467 1268 9941 
27 8644 5532 4327 2459 659 2401 879 7980 383 363 4163 8562 6486 5716 3108 5790 2792 7285 495 776 2117 2483 2454 3988 4695 6633 2367 
25 1187 8447 9039 1448 2258 6902 1897 184 9087 4376 3944 57 6323 7994 5487 6064 2880 2655 149 5380 4619 480 6377 9505 2719 
26 4801 1846 6890 906 8549 3847 2950 2303 9634 1158 9012 2355 9618 1771 9292 9169 5628 1654 8537 7685 2476 2545 9069 677 6564 7577 
30 377 5130 4803 3953 9874 2536 3724 9203 7209 546 8536 5063 1314 680 6706 379 536 5393 2216 5605 4333 6370 8985 3208 6499 2572 6722 5851 4962 3580 
34 9111 5941 4632 8134 170 2479 7259 8726 1245 6167 3625 1639 8974 8602 6434 3705 4761 639 2697 8133 5003 9928 2492 3969 6031 1513 1500 5232 8244 3161 7817 4708 8151 6301 
33 3902 7793 1595 8143 5181 1961 9229 8256 6979 1516 7935 4284 9664 5579 5006 5346 8942 8148 3891 9823 3853 6853 136 1699 2284 1153 3578 4008 9679 8895 2959 5877 4188 
26 3240 7871 7481 4834 8833 745 8292 4396 9562 4921 6115 8231 3585 6624 263 6438 478 8692 9926 5735 735 4908 1634 2616 4526 8114 
28 671 3877 9136 5942 8073 2353 5066 8756 8673 4264 9529 5192 1493 8345 2617 6156 3271 5746 2227 535 1569 8719 6602 7119 6308 2829 503 4361 
32 8551 9445 7606 6785 1365 7084 9884 4514 308 6874 8812 1545 8159 7213 1292 322 6378 4215 2540 9047 1195 4719 6297 4041 7302 9026 1372 8802 2308 8070 277 6830 
29 1711 7324 2648 8740 9702 2048 1239 9407 1777 8912 5440 5828 6552 2413 3054 7072 6861 834 4299 5923 921 2449 3022 9201 7544 8272 5960 3554 2936 
31 4065 1364 3643 3855 2524 289 422 9546 435 5274 6329 6033 7531 3839 1166 5800 7623 8901 3837 6403 7447 6346 7425 3097 9608 8576 2093 3958 2716 3188 697 
29 4322 6557 9037 3618 8438 4084 4001 2609 9725 4432 7455 6872 7450 3488 6026 5268 52 361 4086 5047 5328 7857 8637 3607 7741 8589 5789 9358 2518 
28 8220 8983 5846 1745 6275 4093 9356 4452 9436 6609 7195 2040 8094 5450 92 3961 2006 5013 3088 8869 944 162 8664 8088 3930 6397 4345 2155 
29 2672 3878 5127 4933 8046 2992 9848 8289 8623 7990 8512 6063 4011 2256 3512 2975 3718 3485 3738 8473 7092 7827 3438 6631 856 3652 2556 8640 7368 
23 9054 417 5031 6677 8681 4394 6553 6824 753 7340 6836 9757 6628 6775 3255 8181 7389 2638 7604 4698 3633 3826 2254 
24 5046 5069 9635 6351 6485 7054 4521 5090 4941 5395 3199 6772 1535 904 4656 9641 28 4142 9657 9205 3527 31 3305 3570 
31 1579 3709 9988 1862 5086 7158 4358 9084 8798 1802 2646 7771 3228 5701 7308 376 8597 5081 5773 1190 2580 6132 9195 8508 9514 3450 6654 7631 1551 9163 1627 
35 8453 6931 5041 4279 3844 919 3443 6500 6427 2801 7316 3341 2525 833 5124 7830 9365 1358 9810 9877 2113 7624 2861 1922 3538 8739 8202 1347 3369 8542 9916 8317 6784 8964 4659 
26 1587 9417 8503 6284 768 7441 7468 4241 7097 1069 7989 4598 3786 8401 324 5060 1394 2455 6733 2285 6002 8987 5870 3906 3472 447 
26 691 2202 8431 7020 1913 2242 8645 2083 1694 9821 6951 8482 9118 2967 7276 6998 2043 646 5179 8359 8838 3948 7991 3840 8819 6135 
24 2156 4574 2604 4195 5 662 5969 2799 7423 5200 3801 1353 2632 3971 6120 8016 5929 7182 8104 8515 575 3092 7850 8314 
28 7735 3258 2350 4227 5857 3479 8322 9338 2071 7374 2020 3010 2845 9232 6048 8139 9706 3999 8280 7454 6825 5017 2709 5543 3758 6680 4585 1289 
30 3922 534 9459 3367 3292 8012 3335 7356 2064 7304 7122 4153 4019 1085 6024 1856 6439 386 4438 840 6199 6923 959 114 640 2778 7804 5950 4707 6804 
29 3423 9155 5889 487 3442 5151 9200 2762 5916 2562 1259 7387 6882 8864 9681 4109 4191 3822 463 2827 5061 9333 2503 3084 8729 5985 6415 788 9527 
29 9888 596 3968 9492 5333 5224 4722 8914 9451 8680 4444 8862 2720 7258 3389 4312 4434 3525 1231 1613 4499 8806 6241 4468 634 2938 3083 7362 8009 
26 9696 846 6928 1964 5574 8746 9619 5769 4958 3431 9655 6716 3684 6471 303 2272 5745 7657 6911 7354 9124 2751 4197 1714 9330 5208 
28 7337 4808 8063 9735 8027 9391 2745 6186 1668 2643 3982 4914 9763 4839 5755 2379 5672 179 4305 5871 1782 1685 5715 2094 8750 9100 4605 4964 
26 8502 5370 7335 2186 9752 1600 4183 6274 1354 1676 2595 7091 8145 9464 9344 7102 2187 5884 2246 658 9468 1479 9637 3168 5021 2659 
26 1965 2795 5467 2396 3851 2908 2142 3166 3194 8665 1968 1382 5539 6968 8028 1970 7716 8600 7391 3413 5019 2104 6916 8024 5432 2630 
26 7320 4805 8400 6363 4123 4903 7607 3272 7916 5119 7037 4136 2998 6544 8279 1047 9709 17 5750 5078 6805 316 8323 9805 5844 1099 
26 746 1040 3950 8277 5580 5670 3185 5879 7334 5974 8066 4713 5577 6991 2181 2754 6949 7920 1912 4108 652 1981 9579 655 9827 7641 
25 1788 5740 3306 795 9241 1282 484 6652 1423 4272 6849 6646 8109 7556 9596 8667 8491 1058 6604 4445 3995 2626 8218 3868 5723 
27 2993 9257 7648 3177 7430 598 6437 1203 4889 9500 7983 8611 8142 4177 1453 1221 8082 6789 7940 9009 8326 3559 9476 368 8596 362 9138 
36 3256 395 4980 3322 7742 158 1250 653 4692 5343 7409 5064 9332 6238 9303 9233 2682 8807 9455 9448 7172 4043 8291 2750 3395 4675 2363 3498 3943 4411 12 6184 4643 6240 3057 4058 
25 8607 810 9042 2555 5022 4251 8581 3167 871 4844 7404 9844 713 8031 3574 2466 2026 2023 4849 9493 1277 3014 2400 8744 7652 
28 4830 6093 4400 5516 2201 7149 9909 2409 1028 6069 9067 6138 8294 865 4743 8007 8498 1346 7632 7640 4154 1646 1297 3572 5261 4827 3038 9958 
30 9053 3562 8579 6888 3264 2147 2918 1784 6295 4900 7610 6191 1097 5438 2657 95 9469 4814 1502 9897 5626 206 6019 8811 344 9113 7837 7470 6271 7885 
27 4852 8678 6416 357 3347 9456 3513 4566 1603 9839 6927 2900 8038 1914 2979 6940 3329 9088 6067 5494 186 2214 5864 121 7002 5227 7649 
31 9692 9797 9120 1076 7621 3528 5887 3215 8593 1360 9575 8047 39 7032 7344 1439 4207 6079 2029 7225 8704 9656 7567 7998 6832 6022 8880 2670 5361 5284 9403 
25 6613 523 2777 7579 1907 2608 4377 5639 8874 5434 5045 9502 7816 8639 1461 7725 2658 6045 8856 1663 2079 6366 3979 3529 6202 
26 6198 9243 910 2145 5990 5125 1368 3683 8988 6574 9750 2790 4633 6565 3129 7189 7098 8457 1843 6126 9181 3752 749 4287 8132 5320 
34 9141 4447 4794 34 3396 2914 3703 1515 3114 760 8723 2230 1000 6999 5347 7157 2730 7001 4157 7212 6050 5636 4686 122 3217 5576 9379 9813 7281 4702 3148 4135 9786 9212 
30 1641 1752 3827 2069 9806 2395 703 2541 5637 9889 4898 5818 9983 8605 1056 4551 1054 4509 9266 2460 8301 5203 6548 5180 6335 6293 6667 4940 8879 7207 
26 5801 450 1267 1042 1229 3667 5084 4638 3402 394 4343 7075 8190 2740 9419 8707 2292 8525 3617 9226 5140 2434 6356 7261 6142 9307 
27 9814 8207 4091 1691 9568 7667 7087 8913 3489 9149 1519 8917 3364 2092 4417 9876 2568 3162 9701 945 1687 9036 2046 9613 7094 3008 537 
30 8854 9194 1807 2767 8714 7845 2212 2489 1127 4550 6364 8122 8369 4952 5848 5994 5378 8226 9595 2473 5087 3087 9691 9539 6053 9759 1385 574 4063 3767 
27 1408 7031 4957 5713 4030 7880 7061 2457 7046 9178 9116 8015 9326 1713 613 5098 1743 154 9775 4209 8179 9176 9863 5256 2099 6088 6148 
30 4467 5955 2241 2769 9076 6819 4313 6562 4828 4145 5413 644 584 5578 2171 5972 5808 5971 5982 3960 755 6035 797 6391 3676 2294 7457 205 8539 1508 
32 2234 3452 3324 7323 2384 343 1342 6328 7664 8466 7039 3124 1102 6996 5581 2348 2708 1117 6792 8767 7403 5754 506 1017 7601 192 5569 8195 5849 4998 5204 2895 
33 94 5528 6936 229 1055 7866 1759 257 2846 4002 8814 9222 4448 2326 1537 9017 9981 2112 707 6109 3023 2856 7754 9661 5101 2885 4936 6360 7435 3074 2809 870 7527 
32 1959 2517 3772 9019 1325 1772 3707 4181 8494 8741 6550 4997 3546 7188 116 6399 3437 2945 8529 6875 4894 6443 2172 293 9399 6108 4907 442 1396 4683 9071 6279 
30 5588 7216 5898 9559 6421 4314 2838 8441 6522 6715 2011 4564 3078 8813 6811 7005 5758 9683 5394 9922 7646 3788 827 6917 4366 455 731 9164 1350 900 
28 5062 2652 1816 8977 7416 738 2574 5301 1083 8794 3863 6454 9287 8761 6701 270 5426 1780 7573 9401 3566 4563 4620 4255 6660 9687 4963 3504 
26 9284 7439 2482 8950 1608 1053 8375 3164 9583 9885 3608 7776 7949 9552 5820 2231 5246 19 3933 4208 6702 4360 6921 5491 7841 4625 
30 7901 1577 9522 3150 3405 3755 8609 6218 7955 6711 4504 9780 8507 2165 5332 7363 7622 2307 801 3761 1332 5469 8065 2376 9112 3946 4947 8412 3769 3444 
26 6897 8592 5233 3536 6566 2687 7660 5133 4792 1256 6456 4583 7696 7126 5248 8116 4202 4778 4755 7169 1633 2065 7386 8353 796 4171 
31 2921 666 7494 3698 9816 5693 684 3151 4640 1683 8511 2948 5352 76 6809 2464 2206 1632 5242 4991 7314 6934 3874 3165 2729 3098 8077 1313 5970 2810 233 
27 929 5721 7890 3836 792 5157 7872 4446 3481 718 8976 7663 5606 1830 7681 8319 5331 2133 3394 4016 5933 3768 2896 6136 5526 2804 7559 
30 4189 4754 5209 9951 811 8237 2138 6817 9044 1871 5862 4124 4818 6206 3508 8348 4080 7808 1073 6839 7964 6047 8735 7444 4505 1333 181 2444 8682 5193 
28 3233 8654 2399 6504 2439 6919 8603 7135 6590 9158 4813 4072 5642 6802 2882 1156 6020 3089 3789 8825 5089 828 3727 940 1540 5398 7194 7747 
24 558 6729 7487 9636 4082 2096 3644 1253 7629 4201 527 1972 7493 3073 4493 2997 7293 5190 8633 1682 8979 4954 1136 8694 
26 7995 159 6671 4769 9627 2840 5167 4083 4193 3300 9979 1544 5230 6451 1114 7221 9998 4786 3142 4024 5558 2618 6920 5685 6157 3375 
29 9371 4433 7566 8026 1700 2166 9669 185 9439 3090 6472 8067 2412 5874 2428 6380 3193 211 8996 2665 867 142 808 6251 253 7542 4791 6737 5707 
30 9714 7639 2711 2244 7543 8273 5619 9302 8316 3813 1233 2878 8915 4213 4700 8414 307 7023 759 1722 1510 9433 5300 6080 9099 7923 5527 371 1027 9969 
29 5832 23 3505 7689 9073 7180 8790 5596 2161 2280 5793 5530 1320 2044 2761 3152 1840 6365 4902 1450 4649 3509 5319 5016 7280 4337 2487 5836 6627 
31 9488 6154 2152 9791 1758 2358 5867 3195 5235 3362 219 1935 9135 1936 5804 2485 2653 8534 8186 1684 1775 2471 8635 8010 5657 8520 7164 4407 7965 6952 9577 
28 5645 4338 2570 375 5683 9540 5457 9270 9815 5309 5592 4430 9466 5839 8752 9400 1789 6528 2898 1072 6239 7453 8955 2261 9001 1255 3120 3634 
24 660 773 5377 1776 4553 975 7078 8689 84 7877 9217 3672 1046 5498 7141 438 165 9048 2374 2398 1486 4682 6480 6017 
31 3042 8125 68 7475 7575 6168 971 7317 0 468 3336 1647 3191 5405 7459 2842 5504 4378 9564 9570 7514 9730 3964 3296 1953 821 8275 5459 3985 3530 1648 
32 688 314 3640 3701 4655 1465 1133 2391 3243 2722 790 793 223 5367 2082 6362 494 9323 4406 6039 4541 4860 9532 7954 3862 2162 2250 2054 5489 9161 3913 7326 
27 3363 2332 750 7985 9761 9721 5218 8834 1610 9317 3797 642 7712 4277 8713 6850 8087 3928 9144 3189 4558 752 3998 9143 9064 8768 6216 
24 3720 7006 5967 5153 5965 3126 6868 3997 252 7117 3791 3484 5411 4180 6321 7081 490 9199 3739 8622 3713 7770 4890 3048 
28 5673 7421 9131 7442 4622 3949 4969 8381 9380 1304 1435 4833 5847 5219 539 6166 4106 2690 7357 6034 4022 7892 7956 9582 5549 9422 6969 9510 
29 654 9117 5917 6474 8327 4867 250 2601 4229 670 1532 2050 6354 924 2944 6540 2364 7040 6685 9137 8173 7139 5560 8965 3687 3226 2067 946 2480 
32 9872 4634 8386 7695 9850 3201 6995 5478 1562 3984 3254 5687 2009 8931 9651 2520 6510 2982 2888 5622 8158 7823 9295 8705 2742 3561 4242 2072 2627 7371 8167 7417 
27 9049 9913 6482 8751 721 9825 9986 150 6567 2207 3286 2408 3812 3942 6696 3662 8023 4023 1901 6987 9496 8648 5725 7729 5928 8631 1199 
27 5266 3665 3235 429 2971 1558 489 2674 1735 472 8840 5601 5768 9179 7298 2324 9427 8367 1065 1084 4731 1110 4038 8845 7801 9607 1363 
25 7609 8971 7982 404 9263 221 9350 1219 6357 7105 384 9228 838 2753 5989 2402 829 9843 4569 1337 79 7517 2881 8216 2661 
32 6570 5465 6595 4239 779 9096 9665 6686 1904 2679 6233 2030 8448 1034 5428 5817 1094 1905 4129 2270 3973 2605 1381 708 9028 9819 9766 1404 7107 3962 8240 7756 
29 7186 7638 5207 6262 9533 2774 6615 2331 400 9835 9857 2877 2404 8189 8362 3137 4146 7813 1823 6122 3900 4342 695 3224 1543 1022 2807 2587 2107 
27 2830 5973 9408 7383 6105 6205 190 7693 5490 7407 7838 2389 8390 6742 5648 958 6058 761 1164 7274 7339 7289 5430 3734 8374 4512 9192 
25 4949 1143 5903 5476 6407 1923 8754 1440 87 74 21 6586 5830 125 5540 5174 6760 1977 2696 8380 3591 1995 1393 2031 7187 
28 286 6597 6250 5895 1241 6731 1340 8791 2039 8499 3490 109 7860 6448 2527 5741 5827 9316 6193 5338 6095 9682 5873 4450 9347 7772 4793 5065 
29 3190 1573 4797 2305 928 4636 2359 9892 3297 5502 9093 1444 6224 9792 337 914 1088 5150 7476 7160 7749 5788 9348 1527 8241 1786 6776 9452 7775 
29 2139 3216 1805 540 6481 4486 3318 9898 9006 743 7802 778 909 4829 8990 5287 6288 8198 6571 364 1031 3510 6761 5402 5805 7726 4268 5054 8753 
27 8669 2785 8017 5156 7397 1264 2622 4809 8569 5407 5279 8552 4749 278 8370 2839 7283 8817 3017 520 2669 6688 2478 5196 2498 2456 2149 
27 9740 8870 460 6844 6859 7561 9339 5802 3825 4835 3095 6213 30 2034 2593 1906 5415 8300 9237 9114 8126 7734 4291 6637 824 6843 3227 
25 6319 7613 8356 82 2295 2266 3654 1207 1889 1319 9501 3920 5187 3880 6984 7686 8382 1443 5776 4367 3547 4961 2105 5216 1868 
30 4114 4060 1205 2469 4286 7327 6676 3417 5293 9771 2923 799 1223 7018 169 7778 7210 3550 1201 6525 9171 8923 4265 7666 9032 1930 3308 3062 7718 9604 
25 9443 3860 5387 8890 9817 1093 4048 9310 1082 4720 5249 2502 2800 8688 9624 5419 8429 7547 725 5709 5665 9148 4811 7474 5690 
25 7132 2890 6778 291 6580 7022 5784 2707 995 5694 709 1145 5924 3109 2271 4464 8822 6691 7137 3358 1108 7463 4590 6626 3531 
32 3153 4994 3782 3575 7120 663 6765 4104 8006 9059 3130 2989 9660 2116 259 3441 2741 9 4614 7591 4819 8321 8524 1384 8229 8647 315 4615 4224 2985 9109 9697 
30 9282 4989 4616 2736 7026 6556 1592 134 7675 230 1168 5282 3416 8675 8796 9098 3400 1581 8496 8674 3357 6642 6957 542 2328 6506 4274 1001 9410 3143 
31 1824 7787 5134 4442 8445 5585 3907 173 3480 8469 7472 8734 1934 1418 1146 3301 5252 7628 8233 381 1844 1335 2773 50 3352 1718 4196 4981 1916 2134 2451 
28 7229 7782 4170 477 4186 9772 9629 3573 1888 6160 8577 59 4344 6352 5947 5270 1050 9653 8199 3282 483 3133 8929 8567 9642 3030 7947 2338 
29 1472 2607 8781 3455 1430 5860 3556 3745 6344 6708 8889 997 6129 4748 2549 7763 1517 1571 1403 7961 4491 2461 4729 9472 399 8484 8268 4556 9860 
28 934 1035 2940 1795 873 93 2179 619 5906 7942 2590 2610 1460 2314 9279 9196 4893 4706 6958 9512 1463 4912 3841 8002 769 9388 5991 3080 
27 1817 8227 8540 571 2154 2450 3205 8460 7190 868 6697 9372 6098 5306 1894 4522 1213 7506 4816 2619 4993 9886 5660 8197 1550 2969 7540 
25 8896 656 9385 2701 7668 6389 3500 4062 6674 4316 907 805 6502 131 7673 3359 2131 7821 6477 607 8736 7951 7322 9724 7555 
24 7781 9227 4415 8250 1631 1521 2232 9854 1622 7370 9280 4161 3963 6518 4070 7350 329 7963 7461 3614 9398 3101 1991 75 
26 6257 5908 8053 8966 2673 1299 2233 1193 452 2913 6878 6208 6786 1 4482 6682 139 876 4721 2926 9170 2828 4548 6960 8351 3116 
26 4260 8404 1590 3735 5005 3722 6036 1167 6015 8153 3131 2148 9334 8422 5072 3113 6387 4911 9566 3809 1388 5981 7154 9774 2585 9982 
28 6261 3209 528 7109 7752 9027 679 720 4363 7503 715 2124 8278 1498 8882 4776 5484 2411 5927 4618 2702 5641 2588 7342 3493 3993 4354 4184 
28 9543 7245 4481 4717 4718 7464 1411 9939 2680 6296 9173 3134 2903 3806 7307 7013 4555 7231 7103 8098 7113 351 4459 9927 3474 953 7908 7364 
29 7382 1491 9699 9621 6292 7203 5376 5742 6412 4292 7068 8938 9311 7809 9002 815 101 2173 8056 1334 5651 5888 4283 5571 892 5907 7903 8180 6906 
26 2191 3551 1909 3350 5456 6379 6309 7202 9056 4262 7525 403 1459 2204 3344 903 884 4752 1940 6458 8157 7714 1509 1323 3334 2507 
27 4077 7235 2005 896 5460 1131 4745 8238 4864 3407 5024 4515 6044 6591 3470 8837 2941 5283 5468 3307 6070 8160 9065 4020 1295 4965 4821 
29 5876 2091 3656 8733 309 6618 4642 8486 4497 2188 6763 1879 1664 5239 6417 8921 2602 9801 8643 4133 458 3691 4296 4959 9208 3197 3366 3555 63 
24 9475 5939 5213 9273 784 209 36 1098 9910 3314 3807 1885 7757 56 7635 7826 7913 6131 4850 218 9778 1270 1954 3708 
27 5254 3533 271 5263 6123 3917 6738 8462 2337 323 5059 4565 1948 7953 8759 7889 1246 3372 7372 9449 3994 44 566 6305 3072 7165 419 
28 9764 4166 6488 3333 130 3845 3225 8920 5277 266 54 2260 3974 4546 4276 9794 9598 604 6400 595 8379 1476 4859 6981 9074 3274 950 3642 
33 2146 994 9787 6444 7151 3049 9790 7361 1725 8641 1549 1671 3058 5291 9218 3147 2817 1661 5718 7546 3293 3594 7510 5362 9432 2641 1162 6290 4593 8100 2904 1345 5666 
30 7642 8786 7922 3612 6073 9484 5138 9394 1689 8150 1248 4990 1244 1870 9800 2193 3499 8866 7710 7570 8021 4971 1966 3081 2269 7856 5948 7478 5618 283 
26 8299 3911 874 2343 2018 9675 5074 3785 5704 8013 1723 5913 143 4148 1469 538 8800 9271 2317 8127 6661 8075 5629 6929 2075 2791 
27 3766 7511 5798 5751 4629 7408 3830 2403 7036 5018 9964 2056 9668 5505 8519 6939 5891 2816 8344 8706 6040 2866 9698 7926 8784 8945 5638 
28 3104 9992 6234 7528 1659 9803 8933 2158 8398 1852 8330 161 3415 6873 7558 3805 4609 2022 2180 2529 9503 7019 4320 5466 166 8110 4111 960 
30 3832 6879 2813 9956 3278 4018 8634 8553 7927 789 1792 739 9090 6648 3629 1698 984 6807 4623 4853 6373 8474 2597 6478 5515 5110 9463 7270 5410 5107 
26 7297 2265 1148 1278 6125 8234 3858 7111 6690 9089 8801 6082 6457 4471 9736 1616 756 3261 7571 4781 4427 6467 2383 2510 6524 7049 
29 4967 6845 1113 1139 8547 1597 5797 7679 4282 4117 8477 7847 2548 1321 4371 7124 8029 8276 508 4301 5544 4780 4012 1974 7746 5667 5774 5551 1651 
26 3491 2636 8523 6294 1421 5144 216 3299 3887 1092 9809 2017 533 5720 8497 8288 923 6270 1274 6880 699 8994 2862 9767 6955 9343 
28 4494 626 9584 2472 8766 7412 1420 5278 7473 532 3515 345 9177 1122 9421 8221 7200 2229 6938 6788 6333 9519 6101 8136 5946 7738 5845 511 
28 5500 476 2583 2304 304 2036 7768 1009 4953 4724 1525 7811 7355 8821 4382 5782 9283 3552 7428 2045 1984 8163 5155 1281 6901 6029 2530 722 
24 3076 4238 3172 4408 5499 6128 2917 7163 1837 636 8248 9207 693 2695 3004 2290 6555 5004 1086 5173 2844 3522 3159 2634 
28 3187 4611 5336 1976 8615 837 5446 2470 4388 8943 7706 3695 4368 3692 193 5806 6396 3535 9230 7627 9402 8818 2721 5937 7900 2850 9544 6172 
28 2209 5149 5511 3099 4249 5148 9678 6341 690 2136 3651 8518 4856 9952 1490 3889 9507 9405 8313 8303 5623 9357 1497 9253 843 2620 2952 7264 
28 9246 9157 3260 1080 4887 7185 794 6312 6188 3313 594 7432 3879 4779 4676 7615 4365 6905 3068 5602 5164 4744 963 4061 1449 3467 2493 3021 
28 8372 436 3501 61 5545 1675 2664 9899 2637 164 2274 9690 4732 7846 5497 2759 2581 9426 4498 3245 3843 6568 5381 5158 3237 6068 5042 9837 
30 445 9688 7794 4217 5945 4231 851 3158 9376 7767 3121 1847 866 5259 4862 8210 241 3231 1649 7535 3793 3624 1514 4733 8672 4584 1105 6650 4014 7010 
27 9858 8710 5934 854 7625 5696 4323 7489 5159 4542 4443 9309 6892 3180 758 8333 5594 3549 5893 7594 9722 2282 77 2749 240 3957 7722 
26 9038 1842 8927 2140 3757 4639 7915 610 1242 7727 7939 9545 609 7114 559 9299 5001 4742 9105 5250 5872 1815 581 3664 966 8395 
29 9662 7402 7384 2815 6746 4975 8154 1039 9363 7906 4456 1023 877 8621 1918 9525 9487 1565 4670 9574 4013 880 6260 5728 6141 3940 4674 7806 6246 
29 280 5354 3339 1066 2049 5436 4273 1917 7748 620 2522 6862 9703 7150 9672 6450 7924 3047 9560 6611 6127 6645 9834 3947 9524 415 8290 1773 4331 
27 9594 8995 3659 2252 6520 704 8991 9172 2176 5028 5175 1695 1585 8378 9389 6837 4645 8269 7051 6158 372 6583 8823 2712 9349 4037 3232 
28 152 3460 7744 4156 2677 8281 8022 5861 7765 7131 4431 1754 7328 4591 1553 3250 1341 599 3976 8354 4173 88 7595 8164 4913 3157 1791 2388 
27 2996 9601 4318 6889 8072 1198 7369 7671 5010 5397 1908 4100 6429 9256 5730 9409 4704 4389 549 8071 1478 8690 9788 4297 8270 5280 3517 
30 2823 687 5185 1260 5883 8204 3170 7605 9442 1120 2947 2397 9043 5202 4167 9122 418 3102 1611 4187 4056 9711 5892 9269 5234 1628 4688 2123 1690 1766 
26 2414 7030 1407 8586 629 3001 9457 5322 2509 6449 7288 4637 981 1495 5295 9473 4261 5572 9206 1311 1877 3655 5780 6038 2561 647 
29 3581 816 9695 1247 7516 9115 2782 177 7891 3086 5514 2928 1797 3251 8035 6846 5531 8041 5631 8795 7095 4203 2089 5686 7683 9950 7223 2215 6576 
29 9014 4398 4071 8903 1614 3919 2339 1178 5052 107 4703 2843 5597 199 2859 8859 2683 6851 1950 9518 1008 9142 5722 2486 6774 3459 9023 6435 9799 
28 2378 5595 1339 4034 504 5901 979 8737 9989 7024 2651 6085 5691 831 9091 7146 6009 8495 7507 366 3397 8014 8738 2203 1446 730 8715 6371 
32 3492 5472 1014 2965 1016 1822 8897 9182 8488 550 1096 4243 3310 3284 3507 7532 1701 965 1383 9262 985 5205 3915 728 7562 1183 6986 4646 4798 4257 2213 7690 
33 3265 4349 4503 2205 3866 3266 515 1165 319 6446 6280 2689 7352 1933 4032 9959 4280 4226 8578 6946 7433 4451 6107 668 5676 6887 9082 1470 714 2448 1211 7153 6405 
31 3384 1424 5613 4151 9251 6966 9397 6470 4370 5749 5781 9247 5442 4375 782 7058 5546 6306 2445 7832 4143 1101 4225 8521 7480 8788 9285 5294 7008 2157 2907 
31 2698 6796 702 2000 6620 3620 5522 5163 7038 8213 3563 8106 781 7948 254 9011 5692 2453 7959 4308 712 1447 4783 7895 7618 8555 1762 378 3404 2957 411 
26 42 839 8415 4480 4165 4677 2352 2334 2247 3648 4945 9216 5840 4943 3409 2806 7262 6372 3309 1061 7048 6943 5536 9968 2291 6413 
28 2922 5383 1753 2198 5195 817 4917 5020 3746 2301 6359 6584 5238 5096 2120 1091 603 48 318 5447 5340 7325 6089 4336 6828 65 5372 6055 
26 1030 8399 9984 3733 6007 8828 5935 194 2629 2924 686 8446 4851 492 999 1013 370 2733 7 543 6799 9523 6704 2329 7424 8385 
29 8172 1387 2330 8875 4757 7286 4788 4628 6747 5821 8055 1899 5770 2373 3941 3897 9513 9776 244 7819 410 7140 2443 9335 4369 453 5257 6159 4644 
26 4397 1060 2954 416 502 5680 8368 1541 6236 6531 3553 4601 7237 8223 9077 7093 3736 2240 2579 8962 3111 6431 3959 3956 9847 6614 
26 6982 4088 9366 9515 5318 8285 499 2106 1767 2055 3430 387 9367 2185 9411 2245 8259 46 1702 5992 5408 7166 7100 4339 4502 6479 
25 8128 8286 3682 8530 908 4621 4588 1104 1867 6612 8149 6670 7909 3639 842 424 7762 5979 2764 7799 5538 7717 3289 6149 9354 
28 570 1746 5237 4909 8130 9937 682 8478 9308 5763 7875 8894 8892 6176 3382 99 1876 7217 5463 1987 3980 9602 6139 7616 7677 2789 6673 7063 
29 4760 7343 4099 3050 7986 9856 2642 5253 1301 1121 9548 8573 3817 6114 7238 4328 803 2684 6232 650 4198 217 29 4608 2311 4518 2386 6173 2436 
31 3590 182 5129 1715 4144 5714 147 2797 8249 4527 391 6914 4212 8775 4120 5443 6075 4955 3432 5853 6937 9521 317 2340 4075 5615 9953 7029 8619 8387 98 
27 9957 3169 1192 4214 5051 15 1674 6057 7483 8274 5036 8215 5834 8721 4603 3894 367 2226 9553 9867 6140 5663 4362 1378 5276 8298 1864 
27 1925 191 6374 3716 970 6112 9954 9842 5791 7549 3923 4992 729 3096 9024 8860 2949 9528 9396 8209 2934 6254 1900 2718 3719 5635 9932 
29 7205 6347 7219 4436 5210 7375 2794 9324 4110 5390 7522 4687 6368 8878 895 14 4164 481 3773 5111 3658 1328 9715 6907 6311 9723 1638 6587 8618 
28 4236 6720 5247 4710 4391 5671 4487 3156 9970 560 2802 5451 2589 6945 8475 3067 6204 3056 3428 847 8054 269 4979 6569 4138 2441 1678 7907 
30 2452 4759 4662 2442 9352 5612 5949 8727 513 9406 6866 6764 6215 3320 1002 9833 8185 7882 1057 2692 3327 8138 6349 6455 7523 7520 396 9731 977 9154 
27 7545 1359 3630 3295 5525 8093 5739 6331 6225 6997 6367 2354 2939 4883 299 1225 4837 6165 8428 4624 3163 1279 6503 3760 1150 2942 4576 
31 2772 8039 4169 1275 8193 6177 6876 8471 2195 6419 1317 7419 1163 9458 3175 3978 2219 3376 255 5131 1656 2515 5034 1658 8556 1957 6203 3355 6008 1367 5674 
27 4501 7979 4910 53 397 675 1821 525 8253 5327 6728 3393 1819 2224 4162 8839 6896 8212 7862 5932 9221 4631 1266 9705 8501 9296 4916 
28 7256 4922 5984 4535 1124 2236 7637 7359 9795 4694 3774 4374 7257 3685 3390 1294 7035 9617 7676 6512 772 7446 3206 1857 3214 9765 7399 3810 
28 474 4115 9743 6117 3744 4495 1787 5556 9949 3018 1228 6178 9008 3464 7702 8999 4800 2972 6827 6401 9259 1997 5764 1227 4384 8236 6865 6091 
24 8406 6980 667 4587 7944 4545 5496 4204 4290 2276 7247 7859 8373 2727 8034 5043 4854 8430 8411 9291 8981 1184 578 7134 
27 6638 1468 7552 2051 8992 6099 8506 3865 3925 4782 7000 3360 6143 9707 7044 3370 1413 4738 8997 1216 3115 8427 4927 2345 6947 8771 2925 
28 6021 6475 9224 5968 62 1547 5396 4247 5659 2647 8296 7560 2973 7853 3458 7271 8155 9783 1355 8451 3002 8203 8485 9080 637 2523 4419 5953 
26 9447 5537 7449 3009 2126 5682 9936 9415 4630 1477 3035 3834 1621 6414 8242 8587 5655 562 853 1827 6501 6408 3653 6264 8548 2894 
28 2550 8346 6155 1429 9139 4304 5079 6744 1730 7401 6318 2699 1483 8787 7378 716 1640 7879 8048 2871 5902 9364 2360 2812 8660 1655 5050 4789 
28 1125 5675 4311 8052 2912 606 2322 6675 4831 332 1206 2685 4423 4351 1135 4838 64 3869 8230 7064 5339 9062 6 2731 3354 7521 9188 1397 
22 207 4766 3385 5658 8594 5223 6630 360 2705 3771 4855 9264 4496 8107 4972 657 786 2905 5359 6988 5717 1298 
30 275 1038 405 8481 1779 2003 1588 1487 3604 4348 110 2986 5533 9187 32 8732 4059 7779 500 4711 7420 401 9086 9550 7486 5819 5593 2516 6235 9418 
27 5160 1134 8118 9967 6211 6622 6815 6727 4885 4190 8318 3975 1489 5833 623 3939 5880 1488 9985 5563 7250 2612 6316 5711 6821 3540 9204 
